<?xml version="1.0" encoding="utf-8"?>
<CoverageSession>
  <Summary numSequencePoints="1118" visitedSequencePoints="0" numBranchPoints="1118" visitedBranchPoints="0" sequenceCoverage="0" branchCoverage="0" maxCyclomaticComplexity="533" minCyclomaticComplexity="12" visitedClasses="0" numClasses="40" visitedMethods="0" numMethods="188" />
  <Modules>
    <Module hash="F3E8B181-D952-42AB-B9DC-274B35CB1748">
      <ModulePath>IamService.dll</ModulePath>
      <ModuleTime>2019-04-14T12:16:34</ModuleTime>
      <ModuleName>IamService</ModuleName>
      <Files>
        <File uid="1" fullPath="C:\Users\steve\RiderProjects\iam\src\IamService\Program.cs" />
        <File uid="2" fullPath="C:\Users\steve\RiderProjects\iam\src\IamService\Startup.cs" />
        <File uid="3" fullPath="C:\Users\steve\RiderProjects\iam\src\IamService\Controllers\ValuesController.cs" />
      </Files>
      <Classes>
        <Class>
          <Summary numSequencePoints="5" visitedSequencePoints="0" numBranchPoints="0" visitedBranchPoints="0" sequenceCoverage="0" branchCoverage="1" maxCyclomaticComplexity="1" minCyclomaticComplexity="1" visitedClasses="0" numClasses="1" visitedMethods="0" numMethods="2" />
          <FullName>IamService.Program</FullName>
          <Methods>
            <Method cyclomaticComplexity="1" nPathComplexity="0" sequenceCoverage="0" branchCoverage="1" isConstructor="False" isGetter="False" isSetter="False" isStatic="True">
              <Summary numSequencePoints="3" visitedSequencePoints="0" numBranchPoints="0" visitedBranchPoints="0" sequenceCoverage="0" branchCoverage="1" maxCyclomaticComplexity="1" minCyclomaticComplexity="1" visitedClasses="0" numClasses="0" visitedMethods="0" numMethods="1" />
              <MetadataToken />
              <Name>System.Void IamService.Program::Main(System.String[])</Name>
              <FileRef uid="1" />
              <SequencePoints>
                <SequencePoint vc="0" upsid="16" ordinal="0" sl="16" sc="1" el="16" ec="2" bec="0" bev="0" fileid="1" />
                <SequencePoint vc="0" upsid="17" ordinal="1" sl="17" sc="1" el="17" ec="2" bec="0" bev="0" fileid="1" />
                <SequencePoint vc="0" upsid="18" ordinal="2" sl="18" sc="1" el="18" ec="2" bec="0" bev="0" fileid="1" />
              </SequencePoints>
              <BranchPoints />
              <MethodPoint vc="0" upsid="0" p8:type="SequencePoint" ordinal="0" offset="0" sc="0" sl="16" ec="1" el="18" bec="0" bev="0" fileid="1" xmlns:p8="xsi" />
            </Method>
            <Method cyclomaticComplexity="1" nPathComplexity="0" sequenceCoverage="0" branchCoverage="1" isConstructor="False" isGetter="False" isSetter="False" isStatic="True">
              <Summary numSequencePoints="2" visitedSequencePoints="0" numBranchPoints="0" visitedBranchPoints="0" sequenceCoverage="0" branchCoverage="1" maxCyclomaticComplexity="1" minCyclomaticComplexity="1" visitedClasses="0" numClasses="0" visitedMethods="0" numMethods="1" />
              <MetadataToken />
              <Name>Microsoft.AspNetCore.Hosting.IWebHostBuilder IamService.Program::CreateWebHostBuilder(System.String[])</Name>
              <FileRef uid="1" />
              <SequencePoints>
                <SequencePoint vc="0" upsid="21" ordinal="0" sl="21" sc="1" el="21" ec="2" bec="0" bev="0" fileid="1" />
                <SequencePoint vc="0" upsid="22" ordinal="1" sl="22" sc="1" el="22" ec="2" bec="0" bev="0" fileid="1" />
              </SequencePoints>
              <BranchPoints />
              <MethodPoint vc="0" upsid="0" p8:type="SequencePoint" ordinal="1" offset="1" sc="0" sl="21" ec="1" el="22" bec="0" bev="0" fileid="1" xmlns:p8="xsi" />
            </Method>
          </Methods>
        </Class>
        <Class>
          <Summary numSequencePoints="19" visitedSequencePoints="0" numBranchPoints="2" visitedBranchPoints="0" sequenceCoverage="0" branchCoverage="0" maxCyclomaticComplexity="2" minCyclomaticComplexity="1" visitedClasses="0" numClasses="1" visitedMethods="0" numMethods="4" />
          <FullName>IamService.Startup</FullName>
          <Methods>
            <Method cyclomaticComplexity="1" nPathComplexity="0" sequenceCoverage="0" branchCoverage="1" isConstructor="False" isGetter="True" isSetter="False" isStatic="True">
              <Summary numSequencePoints="1" visitedSequencePoints="0" numBranchPoints="0" visitedBranchPoints="0" sequenceCoverage="0" branchCoverage="1" maxCyclomaticComplexity="1" minCyclomaticComplexity="1" visitedClasses="0" numClasses="0" visitedMethods="0" numMethods="1" />
              <MetadataToken />
              <Name>Microsoft.Extensions.Configuration.IConfiguration IamService.Startup::get_Configuration()</Name>
              <FileRef uid="2" />
              <SequencePoints>
                <SequencePoint vc="0" upsid="23" ordinal="0" sl="23" sc="1" el="23" ec="2" bec="0" bev="0" fileid="2" />
              </SequencePoints>
              <BranchPoints />
              <MethodPoint vc="0" upsid="0" p8:type="SequencePoint" ordinal="0" offset="0" sc="0" sl="23" ec="1" el="23" bec="0" bev="0" fileid="2" xmlns:p8="xsi" />
            </Method>
            <Method cyclomaticComplexity="1" nPathComplexity="0" sequenceCoverage="0" branchCoverage="1" isConstructor="False" isGetter="False" isSetter="False" isStatic="True">
              <Summary numSequencePoints="3" visitedSequencePoints="0" numBranchPoints="0" visitedBranchPoints="0" sequenceCoverage="0" branchCoverage="1" maxCyclomaticComplexity="1" minCyclomaticComplexity="1" visitedClasses="0" numClasses="0" visitedMethods="0" numMethods="1" />
              <MetadataToken />
              <Name>System.Void IamService.Startup::ConfigureServices(Microsoft.Extensions.DependencyInjection.IServiceCollection)</Name>
              <FileRef uid="2" />
              <SequencePoints>
                <SequencePoint vc="0" upsid="27" ordinal="0" sl="27" sc="1" el="27" ec="2" bec="0" bev="0" fileid="2" />
                <SequencePoint vc="0" upsid="28" ordinal="1" sl="28" sc="1" el="28" ec="2" bec="0" bev="0" fileid="2" />
                <SequencePoint vc="0" upsid="29" ordinal="2" sl="29" sc="1" el="29" ec="2" bec="0" bev="0" fileid="2" />
              </SequencePoints>
              <BranchPoints />
              <MethodPoint vc="0" upsid="0" p8:type="SequencePoint" ordinal="1" offset="1" sc="0" sl="27" ec="1" el="29" bec="0" bev="0" fileid="2" xmlns:p8="xsi" />
            </Method>
            <Method cyclomaticComplexity="2" nPathComplexity="0" sequenceCoverage="0" branchCoverage="0" isConstructor="False" isGetter="False" isSetter="False" isStatic="True">
              <Summary numSequencePoints="11" visitedSequencePoints="0" numBranchPoints="2" visitedBranchPoints="0" sequenceCoverage="0" branchCoverage="0" maxCyclomaticComplexity="2" minCyclomaticComplexity="2" visitedClasses="0" numClasses="0" visitedMethods="0" numMethods="1" />
              <MetadataToken />
              <Name>System.Void IamService.Startup::Configure(Microsoft.AspNetCore.Builder.IApplicationBuilder,Microsoft.AspNetCore.Hosting.IHostingEnvironment)</Name>
              <FileRef uid="2" />
              <SequencePoints>
                <SequencePoint vc="0" upsid="33" ordinal="0" sl="33" sc="1" el="33" ec="2" bec="0" bev="0" fileid="2" />
                <SequencePoint vc="0" upsid="34" ordinal="1" sl="34" sc="1" el="34" ec="2" bec="0" bev="0" fileid="2" />
                <SequencePoint vc="0" upsid="35" ordinal="2" sl="35" sc="1" el="35" ec="2" bec="0" bev="0" fileid="2" />
                <SequencePoint vc="0" upsid="36" ordinal="3" sl="36" sc="1" el="36" ec="2" bec="0" bev="0" fileid="2" />
                <SequencePoint vc="0" upsid="37" ordinal="4" sl="37" sc="1" el="37" ec="2" bec="0" bev="0" fileid="2" />
                <SequencePoint vc="0" upsid="39" ordinal="5" sl="39" sc="1" el="39" ec="2" bec="0" bev="0" fileid="2" />
                <SequencePoint vc="0" upsid="41" ordinal="6" sl="41" sc="1" el="41" ec="2" bec="0" bev="0" fileid="2" />
                <SequencePoint vc="0" upsid="42" ordinal="7" sl="42" sc="1" el="42" ec="2" bec="0" bev="0" fileid="2" />
                <SequencePoint vc="0" upsid="44" ordinal="8" sl="44" sc="1" el="44" ec="2" bec="0" bev="0" fileid="2" />
                <SequencePoint vc="0" upsid="45" ordinal="9" sl="45" sc="1" el="45" ec="2" bec="0" bev="0" fileid="2" />
                <SequencePoint vc="0" upsid="46" ordinal="10" sl="46" sc="1" el="46" ec="2" bec="0" bev="0" fileid="2" />
              </SequencePoints>
              <BranchPoints>
                <BranchPoint vc="0" upsid="34" ordinal="0" path="0" offset="9" offsetend="11" sl="34" fileid="2" />
                <BranchPoint vc="0" upsid="34" ordinal="1" path="1" offset="9" offsetend="22" sl="34" fileid="2" />
              </BranchPoints>
              <MethodPoint vc="0" upsid="0" p8:type="SequencePoint" ordinal="2" offset="2" sc="0" sl="33" ec="1" el="46" bec="0" bev="0" fileid="2" xmlns:p8="xsi" />
            </Method>
            <Method cyclomaticComplexity="1" nPathComplexity="0" sequenceCoverage="0" branchCoverage="1" isConstructor="True" isGetter="False" isSetter="False" isStatic="True">
              <Summary numSequencePoints="4" visitedSequencePoints="0" numBranchPoints="0" visitedBranchPoints="0" sequenceCoverage="0" branchCoverage="1" maxCyclomaticComplexity="1" minCyclomaticComplexity="1" visitedClasses="0" numClasses="0" visitedMethods="0" numMethods="1" />
              <MetadataToken />
              <Name>System.Void IamService.Startup::.ctor(Microsoft.Extensions.Configuration.IConfiguration)</Name>
              <FileRef uid="2" />
              <SequencePoints>
                <SequencePoint vc="0" upsid="18" ordinal="0" sl="18" sc="1" el="18" ec="2" bec="0" bev="0" fileid="2" />
                <SequencePoint vc="0" upsid="19" ordinal="1" sl="19" sc="1" el="19" ec="2" bec="0" bev="0" fileid="2" />
                <SequencePoint vc="0" upsid="20" ordinal="2" sl="20" sc="1" el="20" ec="2" bec="0" bev="0" fileid="2" />
                <SequencePoint vc="0" upsid="21" ordinal="3" sl="21" sc="1" el="21" ec="2" bec="0" bev="0" fileid="2" />
              </SequencePoints>
              <BranchPoints />
              <MethodPoint vc="0" upsid="0" p8:type="SequencePoint" ordinal="3" offset="3" sc="0" sl="18" ec="1" el="21" bec="0" bev="0" fileid="2" xmlns:p8="xsi" />
            </Method>
          </Methods>
        </Class>
        <Class>
          <Summary numSequencePoints="12" visitedSequencePoints="0" numBranchPoints="0" visitedBranchPoints="0" sequenceCoverage="0" branchCoverage="1" maxCyclomaticComplexity="1" minCyclomaticComplexity="1" visitedClasses="0" numClasses="1" visitedMethods="0" numMethods="5" />
          <FullName>IamService.Controllers.ValuesController</FullName>
          <Methods>
            <Method cyclomaticComplexity="1" nPathComplexity="0" sequenceCoverage="0" branchCoverage="1" isConstructor="False" isGetter="False" isSetter="False" isStatic="True">
              <Summary numSequencePoints="3" visitedSequencePoints="0" numBranchPoints="0" visitedBranchPoints="0" sequenceCoverage="0" branchCoverage="1" maxCyclomaticComplexity="1" minCyclomaticComplexity="1" visitedClasses="0" numClasses="0" visitedMethods="0" numMethods="1" />
              <MetadataToken />
              <Name>Microsoft.AspNetCore.Mvc.ActionResult`1&lt;System.Collections.Generic.IEnumerable`1&lt;System.String&gt;&gt; IamService.Controllers.ValuesController::Get()</Name>
              <FileRef uid="3" />
              <SequencePoints>
                <SequencePoint vc="0" upsid="16" ordinal="0" sl="16" sc="1" el="16" ec="2" bec="0" bev="0" fileid="3" />
                <SequencePoint vc="0" upsid="17" ordinal="1" sl="17" sc="1" el="17" ec="2" bec="0" bev="0" fileid="3" />
                <SequencePoint vc="0" upsid="18" ordinal="2" sl="18" sc="1" el="18" ec="2" bec="0" bev="0" fileid="3" />
              </SequencePoints>
              <BranchPoints />
              <MethodPoint vc="0" upsid="0" p8:type="SequencePoint" ordinal="0" offset="0" sc="0" sl="16" ec="1" el="18" bec="0" bev="0" fileid="3" xmlns:p8="xsi" />
            </Method>
            <Method cyclomaticComplexity="1" nPathComplexity="0" sequenceCoverage="0" branchCoverage="1" isConstructor="False" isGetter="False" isSetter="False" isStatic="True">
              <Summary numSequencePoints="3" visitedSequencePoints="0" numBranchPoints="0" visitedBranchPoints="0" sequenceCoverage="0" branchCoverage="1" maxCyclomaticComplexity="1" minCyclomaticComplexity="1" visitedClasses="0" numClasses="0" visitedMethods="0" numMethods="1" />
              <MetadataToken />
              <Name>Microsoft.AspNetCore.Mvc.ActionResult`1&lt;System.String&gt; IamService.Controllers.ValuesController::Get(System.Int32)</Name>
              <FileRef uid="3" />
              <SequencePoints>
                <SequencePoint vc="0" upsid="23" ordinal="0" sl="23" sc="1" el="23" ec="2" bec="0" bev="0" fileid="3" />
                <SequencePoint vc="0" upsid="24" ordinal="1" sl="24" sc="1" el="24" ec="2" bec="0" bev="0" fileid="3" />
                <SequencePoint vc="0" upsid="25" ordinal="2" sl="25" sc="1" el="25" ec="2" bec="0" bev="0" fileid="3" />
              </SequencePoints>
              <BranchPoints />
              <MethodPoint vc="0" upsid="0" p8:type="SequencePoint" ordinal="1" offset="1" sc="0" sl="23" ec="1" el="25" bec="0" bev="0" fileid="3" xmlns:p8="xsi" />
            </Method>
            <Method cyclomaticComplexity="1" nPathComplexity="0" sequenceCoverage="0" branchCoverage="1" isConstructor="False" isGetter="False" isSetter="False" isStatic="True">
              <Summary numSequencePoints="2" visitedSequencePoints="0" numBranchPoints="0" visitedBranchPoints="0" sequenceCoverage="0" branchCoverage="1" maxCyclomaticComplexity="1" minCyclomaticComplexity="1" visitedClasses="0" numClasses="0" visitedMethods="0" numMethods="1" />
              <MetadataToken />
              <Name>System.Void IamService.Controllers.ValuesController::Post(System.String)</Name>
              <FileRef uid="3" />
              <SequencePoints>
                <SequencePoint vc="0" upsid="30" ordinal="0" sl="30" sc="1" el="30" ec="2" bec="0" bev="0" fileid="3" />
                <SequencePoint vc="0" upsid="31" ordinal="1" sl="31" sc="1" el="31" ec="2" bec="0" bev="0" fileid="3" />
              </SequencePoints>
              <BranchPoints />
              <MethodPoint vc="0" upsid="0" p8:type="SequencePoint" ordinal="2" offset="2" sc="0" sl="30" ec="1" el="31" bec="0" bev="0" fileid="3" xmlns:p8="xsi" />
            </Method>
            <Method cyclomaticComplexity="1" nPathComplexity="0" sequenceCoverage="0" branchCoverage="1" isConstructor="False" isGetter="False" isSetter="False" isStatic="True">
              <Summary numSequencePoints="2" visitedSequencePoints="0" numBranchPoints="0" visitedBranchPoints="0" sequenceCoverage="0" branchCoverage="1" maxCyclomaticComplexity="1" minCyclomaticComplexity="1" visitedClasses="0" numClasses="0" visitedMethods="0" numMethods="1" />
              <MetadataToken />
              <Name>System.Void IamService.Controllers.ValuesController::Put(System.Int32,System.String)</Name>
              <FileRef uid="3" />
              <SequencePoints>
                <SequencePoint vc="0" upsid="37" ordinal="0" sl="37" sc="1" el="37" ec="2" bec="0" bev="0" fileid="3" />
                <SequencePoint vc="0" upsid="38" ordinal="1" sl="38" sc="1" el="38" ec="2" bec="0" bev="0" fileid="3" />
              </SequencePoints>
              <BranchPoints />
              <MethodPoint vc="0" upsid="0" p8:type="SequencePoint" ordinal="3" offset="3" sc="0" sl="37" ec="1" el="38" bec="0" bev="0" fileid="3" xmlns:p8="xsi" />
            </Method>
            <Method cyclomaticComplexity="1" nPathComplexity="0" sequenceCoverage="0" branchCoverage="1" isConstructor="False" isGetter="False" isSetter="False" isStatic="True">
              <Summary numSequencePoints="2" visitedSequencePoints="0" numBranchPoints="0" visitedBranchPoints="0" sequenceCoverage="0" branchCoverage="1" maxCyclomaticComplexity="1" minCyclomaticComplexity="1" visitedClasses="0" numClasses="0" visitedMethods="0" numMethods="1" />
              <MetadataToken />
              <Name>System.Void IamService.Controllers.ValuesController::Delete(System.Int32)</Name>
              <FileRef uid="3" />
              <SequencePoints>
                <SequencePoint vc="0" upsid="43" ordinal="0" sl="43" sc="1" el="43" ec="2" bec="0" bev="0" fileid="3" />
                <SequencePoint vc="0" upsid="44" ordinal="1" sl="44" sc="1" el="44" ec="2" bec="0" bev="0" fileid="3" />
              </SequencePoints>
              <BranchPoints />
              <MethodPoint vc="0" upsid="0" p8:type="SequencePoint" ordinal="4" offset="4" sc="0" sl="43" ec="1" el="44" bec="0" bev="0" fileid="3" xmlns:p8="xsi" />
            </Method>
          </Methods>
        </Class>
      </Classes>
    </Module>
    <Module hash="A8F7DEDE-13F9-4AFE-A54B-6F9D1AA967AC">
      <ModulePath>xunit.runner.reporters.netcoreapp10.dll</ModulePath>
      <ModuleTime>2019-04-14T12:16:34</ModuleTime>
      <ModuleName>xunit.runner.reporters.netcoreapp10</ModuleName>
      <Files>
        <File uid="4" fullPath="C:\Dev\xunit\xunit\src\xunit.runner.reporters\Utility\EnvironmentHelper.cs" />
        <File uid="5" fullPath="C:\Dev\xunit\xunit\src\common\Json.cs" />
        <File uid="6" fullPath="C:\Dev\xunit\xunit\src\common\XunitWorkerThread.cs" />
        <File uid="7" fullPath="C:\Dev\xunit\xunit\src\xunit.runner.reporters\AppVeyorClient.cs" />
        <File uid="8" fullPath="C:\Dev\xunit\xunit\src\xunit.runner.reporters\AppVeyorReporter.cs" />
        <File uid="9" fullPath="C:\Dev\xunit\xunit\src\xunit.runner.reporters\AppVeyorReporterMessageHandler.cs" />
        <File uid="10" fullPath="C:\Dev\xunit\xunit\src\xunit.runner.reporters\JsonExtentions.cs" />
        <File uid="11" fullPath="C:\Dev\xunit\xunit\src\xunit.runner.reporters\JsonReporter.cs" />
        <File uid="12" fullPath="C:\Dev\xunit\xunit\src\xunit.runner.reporters\JsonReporterMessageHandler.cs" />
        <File uid="13" fullPath="C:\Dev\xunit\xunit\src\xunit.runner.reporters\QuietReporter.cs" />
        <File uid="14" fullPath="C:\Dev\xunit\xunit\src\xunit.runner.reporters\QuietReporterMessageHandler.cs" />
        <File uid="15" fullPath="C:\Dev\xunit\xunit\src\xunit.runner.reporters\TeamCityReporter.cs" />
        <File uid="16" fullPath="C:\Dev\xunit\xunit\src\xunit.runner.reporters\TeamCityReporterMessageHandler.cs" />
        <File uid="17" fullPath="C:\Dev\xunit\xunit\src\xunit.runner.reporters\Utility\TeamCityDisplayNameFormatter.cs" />
        <File uid="18" fullPath="C:\Dev\xunit\xunit\src\xunit.runner.reporters\VerboseReporter.cs" />
        <File uid="19" fullPath="C:\Dev\xunit\xunit\src\xunit.runner.reporters\VerboseReporterMessageHandler.cs" />
        <File uid="20" fullPath="C:\Dev\xunit\xunit\src\xunit.runner.reporters\VstsClient.cs" />
        <File uid="21" fullPath="C:\Dev\xunit\xunit\src\xunit.runner.reporters\VstsReporter.cs" />
        <File uid="22" fullPath="C:\Dev\xunit\xunit\src\xunit.runner.reporters\VstsReporterMessageHandler.cs" />
      </Files>
      <Classes>
        <Class>
          <Summary numSequencePoints="6" visitedSequencePoints="0" numBranchPoints="2" visitedBranchPoints="0" sequenceCoverage="0" branchCoverage="0" maxCyclomaticComplexity="2" minCyclomaticComplexity="1" visitedClasses="0" numClasses="1" visitedMethods="0" numMethods="3" />
          <FullName>Xunit.EnvironmentHelper</FullName>
          <Methods>
            <Method cyclomaticComplexity="1" nPathComplexity="0" sequenceCoverage="0" branchCoverage="1" isConstructor="False" isGetter="False" isSetter="False" isStatic="True">
              <Summary numSequencePoints="1" visitedSequencePoints="0" numBranchPoints="0" visitedBranchPoints="0" sequenceCoverage="0" branchCoverage="1" maxCyclomaticComplexity="1" minCyclomaticComplexity="1" visitedClasses="0" numClasses="0" visitedMethods="0" numMethods="1" />
              <MetadataToken />
              <Name>System.String Xunit.EnvironmentHelper::GetEnvironmentVariable(System.String)</Name>
              <FileRef uid="4" />
              <SequencePoints>
                <SequencePoint vc="0" upsid="18" ordinal="0" sl="18" sc="1" el="18" ec="2" bec="0" bev="0" fileid="4" />
              </SequencePoints>
              <BranchPoints />
              <MethodPoint vc="0" upsid="0" p8:type="SequencePoint" ordinal="0" offset="0" sc="0" sl="18" ec="1" el="18" bec="0" bev="0" fileid="4" xmlns:p8="xsi" />
            </Method>
            <Method cyclomaticComplexity="2" nPathComplexity="0" sequenceCoverage="0" branchCoverage="0" isConstructor="False" isGetter="False" isSetter="False" isStatic="True">
              <Summary numSequencePoints="4" visitedSequencePoints="0" numBranchPoints="2" visitedBranchPoints="0" sequenceCoverage="0" branchCoverage="0" maxCyclomaticComplexity="2" minCyclomaticComplexity="2" visitedClasses="0" numClasses="0" visitedMethods="0" numMethods="1" />
              <MetadataToken />
              <Name>System.Reflection.MethodInfo Xunit.EnvironmentHelper::GetEnvironmentVariableMethod()</Name>
              <FileRef uid="4" />
              <SequencePoints>
                <SequencePoint vc="0" upsid="23" ordinal="0" sl="23" sc="1" el="23" ec="2" bec="0" bev="0" fileid="4" />
                <SequencePoint vc="0" upsid="24" ordinal="1" sl="24" sc="1" el="24" ec="2" bec="0" bev="0" fileid="4" />
                <SequencePoint vc="0" upsid="25" ordinal="2" sl="25" sc="1" el="25" ec="2" bec="0" bev="0" fileid="4" />
                <SequencePoint vc="0" upsid="27" ordinal="3" sl="27" sc="1" el="27" ec="2" bec="0" bev="0" fileid="4" />
              </SequencePoints>
              <BranchPoints>
                <BranchPoint vc="0" upsid="24" ordinal="0" path="0" offset="40" offsetend="42" sl="24" fileid="4" />
                <BranchPoint vc="0" upsid="24" ordinal="1" path="1" offset="40" offsetend="53" sl="24" fileid="4" />
              </BranchPoints>
              <MethodPoint vc="0" upsid="0" p8:type="SequencePoint" ordinal="1" offset="1" sc="0" sl="23" ec="1" el="27" bec="0" bev="0" fileid="4" xmlns:p8="xsi" />
            </Method>
            <Method cyclomaticComplexity="1" nPathComplexity="0" sequenceCoverage="0" branchCoverage="1" isConstructor="True" isGetter="False" isSetter="False" isStatic="True">
              <Summary numSequencePoints="1" visitedSequencePoints="0" numBranchPoints="0" visitedBranchPoints="0" sequenceCoverage="0" branchCoverage="1" maxCyclomaticComplexity="1" minCyclomaticComplexity="1" visitedClasses="0" numClasses="0" visitedMethods="0" numMethods="1" />
              <MetadataToken />
              <Name>System.Void Xunit.EnvironmentHelper::.cctor()</Name>
              <FileRef uid="4" />
              <SequencePoints>
                <SequencePoint vc="0" upsid="14" ordinal="0" sl="14" sc="1" el="14" ec="2" bec="0" bev="0" fileid="4" />
              </SequencePoints>
              <BranchPoints />
              <MethodPoint vc="0" upsid="0" p8:type="SequencePoint" ordinal="2" offset="2" sc="0" sl="14" ec="1" el="14" bec="0" bev="0" fileid="4" xmlns:p8="xsi" />
            </Method>
          </Methods>
        </Class>
        <Class>
          <Summary numSequencePoints="7" visitedSequencePoints="0" numBranchPoints="2" visitedBranchPoints="0" sequenceCoverage="0" branchCoverage="0" maxCyclomaticComplexity="2" minCyclomaticComplexity="1" visitedClasses="0" numClasses="1" visitedMethods="0" numMethods="3" />
          <FullName>Xunit.JsonArray</FullName>
          <Methods>
            <Method cyclomaticComplexity="1" nPathComplexity="0" sequenceCoverage="0" branchCoverage="1" isConstructor="False" isGetter="True" isSetter="False" isStatic="True">
              <Summary numSequencePoints="1" visitedSequencePoints="0" numBranchPoints="0" visitedBranchPoints="0" sequenceCoverage="0" branchCoverage="1" maxCyclomaticComplexity="1" minCyclomaticComplexity="1" visitedClasses="0" numClasses="0" visitedMethods="0" numMethods="1" />
              <MetadataToken />
              <Name>System.Int32 Xunit.JsonArray::get_Length()</Name>
              <FileRef uid="5" />
              <SequencePoints>
                <SequencePoint vc="0" upsid="26" ordinal="0" sl="26" sc="1" el="26" ec="2" bec="0" bev="0" fileid="5" />
              </SequencePoints>
              <BranchPoints />
              <MethodPoint vc="0" upsid="0" p8:type="SequencePoint" ordinal="0" offset="0" sc="0" sl="26" ec="1" el="26" bec="0" bev="0" fileid="5" xmlns:p8="xsi" />
            </Method>
            <Method cyclomaticComplexity="1" nPathComplexity="0" sequenceCoverage="0" branchCoverage="1" isConstructor="False" isGetter="True" isSetter="False" isStatic="True">
              <Summary numSequencePoints="1" visitedSequencePoints="0" numBranchPoints="0" visitedBranchPoints="0" sequenceCoverage="0" branchCoverage="1" maxCyclomaticComplexity="1" minCyclomaticComplexity="1" visitedClasses="0" numClasses="0" visitedMethods="0" numMethods="1" />
              <MetadataToken />
              <Name>Xunit.JsonValue Xunit.JsonArray::get_Item(System.Int32)</Name>
              <FileRef uid="5" />
              <SequencePoints>
                <SequencePoint vc="0" upsid="31" ordinal="0" sl="31" sc="1" el="31" ec="2" bec="0" bev="0" fileid="5" />
              </SequencePoints>
              <BranchPoints />
              <MethodPoint vc="0" upsid="0" p8:type="SequencePoint" ordinal="1" offset="1" sc="0" sl="31" ec="1" el="31" bec="0" bev="0" fileid="5" xmlns:p8="xsi" />
            </Method>
            <Method cyclomaticComplexity="2" nPathComplexity="0" sequenceCoverage="0" branchCoverage="0" isConstructor="True" isGetter="False" isSetter="False" isStatic="True">
              <Summary numSequencePoints="5" visitedSequencePoints="0" numBranchPoints="2" visitedBranchPoints="0" sequenceCoverage="0" branchCoverage="0" maxCyclomaticComplexity="2" minCyclomaticComplexity="2" visitedClasses="0" numClasses="0" visitedMethods="0" numMethods="1" />
              <MetadataToken />
              <Name>System.Void Xunit.JsonArray::.ctor(Xunit.JsonValue[],System.Int32,System.Int32)</Name>
              <FileRef uid="5" />
              <SequencePoints>
                <SequencePoint vc="0" upsid="14" ordinal="0" sl="14" sc="1" el="14" ec="2" bec="0" bev="0" fileid="5" />
                <SequencePoint vc="0" upsid="16" ordinal="1" sl="16" sc="1" el="16" ec="2" bec="0" bev="0" fileid="5" />
                <SequencePoint vc="0" upsid="18" ordinal="2" sl="18" sc="1" el="18" ec="2" bec="0" bev="0" fileid="5" />
                <SequencePoint vc="0" upsid="21" ordinal="3" sl="21" sc="1" el="21" ec="2" bec="0" bev="0" fileid="5" />
                <SequencePoint vc="0" upsid="22" ordinal="4" sl="22" sc="1" el="22" ec="2" bec="0" bev="0" fileid="5" />
              </SequencePoints>
              <BranchPoints>
                <BranchPoint vc="0" upsid="16" ordinal="0" path="0" offset="9" offsetend="11" sl="16" fileid="5" />
                <BranchPoint vc="0" upsid="16" ordinal="1" path="1" offset="9" offsetend="22" sl="16" fileid="5" />
              </BranchPoints>
              <MethodPoint vc="0" upsid="0" p8:type="SequencePoint" ordinal="2" offset="2" sc="0" sl="14" ec="1" el="22" bec="0" bev="0" fileid="5" xmlns:p8="xsi" />
            </Method>
          </Methods>
        </Class>
        <Class>
          <Summary numSequencePoints="10" visitedSequencePoints="0" numBranchPoints="4" visitedBranchPoints="0" sequenceCoverage="0" branchCoverage="0" maxCyclomaticComplexity="4" minCyclomaticComplexity="1" visitedClasses="0" numClasses="1" visitedMethods="0" numMethods="3" />
          <FullName>Xunit.JsonBoolean</FullName>
          <Methods>
            <Method cyclomaticComplexity="1" nPathComplexity="0" sequenceCoverage="0" branchCoverage="1" isConstructor="False" isGetter="True" isSetter="False" isStatic="True">
              <Summary numSequencePoints="1" visitedSequencePoints="0" numBranchPoints="0" visitedBranchPoints="0" sequenceCoverage="0" branchCoverage="1" maxCyclomaticComplexity="1" minCyclomaticComplexity="1" visitedClasses="0" numClasses="0" visitedMethods="0" numMethods="1" />
              <MetadataToken />
              <Name>System.Boolean Xunit.JsonBoolean::get_Value()</Name>
              <FileRef uid="5" />
              <SequencePoints>
                <SequencePoint vc="0" upsid="54" ordinal="0" sl="54" sc="1" el="54" ec="2" bec="0" bev="0" fileid="5" />
              </SequencePoints>
              <BranchPoints />
              <MethodPoint vc="0" upsid="0" p8:type="SequencePoint" ordinal="0" offset="0" sc="0" sl="54" ec="1" el="54" bec="0" bev="0" fileid="5" xmlns:p8="xsi" />
            </Method>
            <Method cyclomaticComplexity="1" nPathComplexity="0" sequenceCoverage="0" branchCoverage="1" isConstructor="False" isGetter="False" isSetter="False" isStatic="True">
              <Summary numSequencePoints="1" visitedSequencePoints="0" numBranchPoints="0" visitedBranchPoints="0" sequenceCoverage="0" branchCoverage="1" maxCyclomaticComplexity="1" minCyclomaticComplexity="1" visitedClasses="0" numClasses="0" visitedMethods="0" numMethods="1" />
              <MetadataToken />
              <Name>System.Boolean Xunit.JsonBoolean::op_Implicit(Xunit.JsonBoolean)</Name>
              <FileRef uid="5" />
              <SequencePoints>
                <SequencePoint vc="0" upsid="58" ordinal="0" sl="58" sc="1" el="58" ec="2" bec="0" bev="0" fileid="5" />
              </SequencePoints>
              <BranchPoints />
              <MethodPoint vc="0" upsid="0" p8:type="SequencePoint" ordinal="1" offset="1" sc="0" sl="58" ec="1" el="58" bec="0" bev="0" fileid="5" xmlns:p8="xsi" />
            </Method>
            <Method cyclomaticComplexity="4" nPathComplexity="0" sequenceCoverage="0" branchCoverage="0" isConstructor="True" isGetter="False" isSetter="False" isStatic="True">
              <Summary numSequencePoints="8" visitedSequencePoints="0" numBranchPoints="4" visitedBranchPoints="0" sequenceCoverage="0" branchCoverage="0" maxCyclomaticComplexity="4" minCyclomaticComplexity="4" visitedClasses="0" numClasses="0" visitedMethods="0" numMethods="1" />
              <MetadataToken />
              <Name>System.Void Xunit.JsonBoolean::.ctor(Xunit.JsonToken)</Name>
              <FileRef uid="5" />
              <SequencePoints>
                <SequencePoint vc="0" upsid="38" ordinal="0" sl="38" sc="1" el="38" ec="2" bec="0" bev="0" fileid="5" />
                <SequencePoint vc="0" upsid="40" ordinal="1" sl="40" sc="1" el="40" ec="2" bec="0" bev="0" fileid="5" />
                <SequencePoint vc="0" upsid="42" ordinal="2" sl="42" sc="1" el="42" ec="2" bec="0" bev="0" fileid="5" />
                <SequencePoint vc="0" upsid="43" ordinal="3" sl="43" sc="1" el="43" ec="2" bec="0" bev="0" fileid="5" />
                <SequencePoint vc="0" upsid="44" ordinal="4" sl="44" sc="1" el="44" ec="2" bec="0" bev="0" fileid="5" />
                <SequencePoint vc="0" upsid="46" ordinal="5" sl="46" sc="1" el="46" ec="2" bec="0" bev="0" fileid="5" />
                <SequencePoint vc="0" upsid="47" ordinal="6" sl="47" sc="1" el="47" ec="2" bec="0" bev="0" fileid="5" />
                <SequencePoint vc="0" upsid="50" ordinal="7" sl="50" sc="1" el="50" ec="2" bec="0" bev="0" fileid="5" />
              </SequencePoints>
              <BranchPoints>
                <BranchPoint vc="0" upsid="40" ordinal="0" path="0" offset="25" offsetend="27" sl="40" fileid="5" />
                <BranchPoint vc="0" upsid="40" ordinal="1" path="1" offset="25" offsetend="35" sl="40" fileid="5" />
                <BranchPoint vc="0" upsid="44" ordinal="2" path="0" offset="42" offsetend="44" sl="44" fileid="5" />
                <BranchPoint vc="0" upsid="44" ordinal="3" path="1" offset="42" offsetend="52" sl="44" fileid="5" />
              </BranchPoints>
              <MethodPoint vc="0" upsid="0" p8:type="SequencePoint" ordinal="2" offset="2" sc="0" sl="38" ec="1" el="50" bec="0" bev="0" fileid="5" xmlns:p8="xsi" />
            </Method>
          </Methods>
        </Class>
        <Class>
          <Summary numSequencePoints="153" visitedSequencePoints="0" numBranchPoints="98" visitedBranchPoints="0" sequenceCoverage="0" branchCoverage="0" maxCyclomaticComplexity="32" minCyclomaticComplexity="1" visitedClasses="0" numClasses="1" visitedMethods="0" numMethods="7" />
          <FullName>Xunit.JsonBuffer</FullName>
          <Methods>
            <Method cyclomaticComplexity="30" nPathComplexity="0" sequenceCoverage="0" branchCoverage="0" isConstructor="False" isGetter="False" isSetter="False" isStatic="True">
              <Summary numSequencePoints="50" visitedSequencePoints="0" numBranchPoints="30" visitedBranchPoints="0" sequenceCoverage="0" branchCoverage="0" maxCyclomaticComplexity="30" minCyclomaticComplexity="30" visitedClasses="0" numClasses="0" visitedMethods="0" numMethods="1" />
              <MetadataToken />
              <Name>Xunit.JsonToken Xunit.JsonBuffer::Read()</Name>
              <FileRef uid="5" />
              <SequencePoints>
                <SequencePoint vc="0" upsid="86" ordinal="0" sl="86" sc="1" el="86" ec="2" bec="0" bev="0" fileid="5" />
                <SequencePoint vc="0" upsid="88" ordinal="1" sl="88" sc="1" el="88" ec="2" bec="0" bev="0" fileid="5" />
                <SequencePoint vc="0" upsid="90" ordinal="2" sl="90" sc="1" el="90" ec="2" bec="0" bev="0" fileid="5" />
                <SequencePoint vc="0" upsid="91" ordinal="3" sl="91" sc="1" el="91" ec="2" bec="0" bev="0" fileid="5" />
                <SequencePoint vc="0" upsid="93" ordinal="4" sl="93" sc="1" el="93" ec="2" bec="0" bev="0" fileid="5" />
                <SequencePoint vc="0" upsid="99" ordinal="5" sl="99" sc="1" el="99" ec="2" bec="0" bev="0" fileid="5" />
                <SequencePoint vc="0" upsid="100" ordinal="6" sl="100" sc="1" el="100" ec="2" bec="0" bev="0" fileid="5" />
                <SequencePoint vc="0" upsid="101" ordinal="7" sl="101" sc="1" el="101" ec="2" bec="0" bev="0" fileid="5" />
                <SequencePoint vc="0" upsid="103" ordinal="8" sl="103" sc="1" el="103" ec="2" bec="0" bev="0" fileid="5" />
                <SequencePoint vc="0" upsid="105" ordinal="9" sl="105" sc="1" el="105" ec="2" bec="0" bev="0" fileid="5" />
                <SequencePoint vc="0" upsid="106" ordinal="10" sl="106" sc="1" el="106" ec="2" bec="0" bev="0" fileid="5" />
                <SequencePoint vc="0" upsid="107" ordinal="11" sl="107" sc="1" el="107" ec="2" bec="0" bev="0" fileid="5" />
                <SequencePoint vc="0" upsid="109" ordinal="12" sl="109" sc="1" el="109" ec="2" bec="0" bev="0" fileid="5" />
                <SequencePoint vc="0" upsid="110" ordinal="13" sl="110" sc="1" el="110" ec="2" bec="0" bev="0" fileid="5" />
                <SequencePoint vc="0" upsid="111" ordinal="14" sl="111" sc="1" el="111" ec="2" bec="0" bev="0" fileid="5" />
                <SequencePoint vc="0" upsid="113" ordinal="15" sl="113" sc="1" el="113" ec="2" bec="0" bev="0" fileid="5" />
                <SequencePoint vc="0" upsid="114" ordinal="16" sl="114" sc="1" el="114" ec="2" bec="0" bev="0" fileid="5" />
                <SequencePoint vc="0" upsid="115" ordinal="17" sl="115" sc="1" el="115" ec="2" bec="0" bev="0" fileid="5" />
                <SequencePoint vc="0" upsid="117" ordinal="18" sl="117" sc="1" el="117" ec="2" bec="0" bev="0" fileid="5" />
                <SequencePoint vc="0" upsid="118" ordinal="19" sl="118" sc="1" el="118" ec="2" bec="0" bev="0" fileid="5" />
                <SequencePoint vc="0" upsid="119" ordinal="20" sl="119" sc="1" el="119" ec="2" bec="0" bev="0" fileid="5" />
                <SequencePoint vc="0" upsid="121" ordinal="21" sl="121" sc="1" el="121" ec="2" bec="0" bev="0" fileid="5" />
                <SequencePoint vc="0" upsid="122" ordinal="22" sl="122" sc="1" el="122" ec="2" bec="0" bev="0" fileid="5" />
                <SequencePoint vc="0" upsid="123" ordinal="23" sl="123" sc="1" el="123" ec="2" bec="0" bev="0" fileid="5" />
                <SequencePoint vc="0" upsid="125" ordinal="24" sl="125" sc="1" el="125" ec="2" bec="0" bev="0" fileid="5" />
                <SequencePoint vc="0" upsid="126" ordinal="25" sl="126" sc="1" el="126" ec="2" bec="0" bev="0" fileid="5" />
                <SequencePoint vc="0" upsid="127" ordinal="26" sl="127" sc="1" el="127" ec="2" bec="0" bev="0" fileid="5" />
                <SequencePoint vc="0" upsid="129" ordinal="27" sl="129" sc="1" el="129" ec="2" bec="0" bev="0" fileid="5" />
                <SequencePoint vc="0" upsid="130" ordinal="28" sl="130" sc="1" el="130" ec="2" bec="0" bev="0" fileid="5" />
                <SequencePoint vc="0" upsid="131" ordinal="29" sl="131" sc="1" el="131" ec="2" bec="0" bev="0" fileid="5" />
                <SequencePoint vc="0" upsid="132" ordinal="30" sl="132" sc="1" el="132" ec="2" bec="0" bev="0" fileid="5" />
                <SequencePoint vc="0" upsid="134" ordinal="31" sl="134" sc="1" el="134" ec="2" bec="0" bev="0" fileid="5" />
                <SequencePoint vc="0" upsid="135" ordinal="32" sl="135" sc="1" el="135" ec="2" bec="0" bev="0" fileid="5" />
                <SequencePoint vc="0" upsid="136" ordinal="33" sl="136" sc="1" el="136" ec="2" bec="0" bev="0" fileid="5" />
                <SequencePoint vc="0" upsid="137" ordinal="34" sl="137" sc="1" el="137" ec="2" bec="0" bev="0" fileid="5" />
                <SequencePoint vc="0" upsid="139" ordinal="35" sl="139" sc="1" el="139" ec="2" bec="0" bev="0" fileid="5" />
                <SequencePoint vc="0" upsid="140" ordinal="36" sl="140" sc="1" el="140" ec="2" bec="0" bev="0" fileid="5" />
                <SequencePoint vc="0" upsid="141" ordinal="37" sl="141" sc="1" el="141" ec="2" bec="0" bev="0" fileid="5" />
                <SequencePoint vc="0" upsid="142" ordinal="38" sl="142" sc="1" el="142" ec="2" bec="0" bev="0" fileid="5" />
                <SequencePoint vc="0" upsid="144" ordinal="39" sl="144" sc="1" el="144" ec="2" bec="0" bev="0" fileid="5" />
                <SequencePoint vc="0" upsid="145" ordinal="40" sl="145" sc="1" el="145" ec="2" bec="0" bev="0" fileid="5" />
                <SequencePoint vc="0" upsid="146" ordinal="41" sl="146" sc="1" el="146" ec="2" bec="0" bev="0" fileid="5" />
                <SequencePoint vc="0" upsid="147" ordinal="42" sl="147" sc="1" el="147" ec="2" bec="0" bev="0" fileid="5" />
                <SequencePoint vc="0" upsid="149" ordinal="43" sl="149" sc="1" el="149" ec="2" bec="0" bev="0" fileid="5" />
                <SequencePoint vc="0" upsid="150" ordinal="44" sl="150" sc="1" el="150" ec="2" bec="0" bev="0" fileid="5" />
                <SequencePoint vc="0" upsid="151" ordinal="45" sl="151" sc="1" el="151" ec="2" bec="0" bev="0" fileid="5" />
                <SequencePoint vc="0" upsid="154" ordinal="46" sl="154" sc="1" el="154" ec="2" bec="0" bev="0" fileid="5" />
                <SequencePoint vc="0" upsid="155" ordinal="47" sl="155" sc="1" el="155" ec="2" bec="0" bev="0" fileid="5" />
                <SequencePoint vc="0" upsid="156" ordinal="48" sl="156" sc="1" el="156" ec="2" bec="0" bev="0" fileid="5" />
                <SequencePoint vc="0" upsid="160" ordinal="49" sl="160" sc="1" el="160" ec="2" bec="0" bev="0" fileid="5" />
              </SequencePoints>
              <BranchPoints>
                <BranchPoint vc="0" upsid="93" ordinal="3" path="1" offset="37" offsetend="0" sl="93" fileid="5" />
                <BranchPoint vc="0" upsid="88" ordinal="0" path="0" offset="9" offsetend="11" sl="88" fileid="5" />
                <BranchPoint vc="0" upsid="88" ordinal="1" path="1" offset="9" offsetend="31" sl="88" fileid="5" />
                <BranchPoint vc="0" upsid="93" ordinal="2" path="0" offset="37" offsetend="39" sl="93" fileid="5" />
                <BranchPoint vc="0" upsid="103" ordinal="4" path="0" offset="97" offsetend="99" sl="103" fileid="5" />
                <BranchPoint vc="0" upsid="103" ordinal="5" path="1" offset="97" offsetend="116" sl="103" fileid="5" />
                <BranchPoint vc="0" upsid="107" ordinal="6" path="0" offset="119" offsetend="121" sl="107" fileid="5" />
                <BranchPoint vc="0" upsid="107" ordinal="7" path="1" offset="119" offsetend="138" sl="107" fileid="5" />
                <BranchPoint vc="0" upsid="111" ordinal="8" path="0" offset="141" offsetend="143" sl="111" fileid="5" />
                <BranchPoint vc="0" upsid="111" ordinal="9" path="1" offset="141" offsetend="160" sl="111" fileid="5" />
                <BranchPoint vc="0" upsid="115" ordinal="10" path="0" offset="163" offsetend="165" sl="115" fileid="5" />
                <BranchPoint vc="0" upsid="115" ordinal="11" path="1" offset="163" offsetend="182" sl="115" fileid="5" />
                <BranchPoint vc="0" upsid="119" ordinal="12" path="0" offset="185" offsetend="187" sl="119" fileid="5" />
                <BranchPoint vc="0" upsid="119" ordinal="13" path="1" offset="185" offsetend="204" sl="119" fileid="5" />
                <BranchPoint vc="0" upsid="123" ordinal="14" path="0" offset="207" offsetend="209" sl="123" fileid="5" />
                <BranchPoint vc="0" upsid="123" ordinal="15" path="1" offset="207" offsetend="226" sl="123" fileid="5" />
                <BranchPoint vc="0" upsid="127" ordinal="16" path="0" offset="229" offsetend="231" sl="127" fileid="5" />
                <BranchPoint vc="0" upsid="127" ordinal="17" path="1" offset="229" offsetend="266" sl="127" fileid="5" />
                <BranchPoint vc="0" upsid="132" ordinal="18" path="0" offset="269" offsetend="271" sl="132" fileid="5" />
                <BranchPoint vc="0" upsid="132" ordinal="19" path="1" offset="269" offsetend="296" sl="132" fileid="5" />
                <BranchPoint vc="0" upsid="137" ordinal="20" path="0" offset="299" offsetend="301" sl="137" fileid="5" />
                <BranchPoint vc="0" upsid="137" ordinal="21" path="1" offset="299" offsetend="326" sl="137" fileid="5" />
                <BranchPoint vc="0" upsid="142" ordinal="22" path="0" offset="329" offsetend="331" sl="142" fileid="5" />
                <BranchPoint vc="0" upsid="142" ordinal="23" path="1" offset="329" offsetend="356" sl="142" fileid="5" />
                <BranchPoint vc="0" upsid="147" ordinal="24" path="0" offset="359" offsetend="361" sl="147" fileid="5" />
                <BranchPoint vc="0" upsid="147" ordinal="25" path="1" offset="359" offsetend="366" sl="147" fileid="5" />
                <BranchPoint vc="0" upsid="147" ordinal="26" path="0" offset="364" offsetend="366" sl="147" fileid="5" />
                <BranchPoint vc="0" upsid="147" ordinal="27" path="1" offset="364" offsetend="371" sl="147" fileid="5" />
                <BranchPoint vc="0" upsid="147" ordinal="28" path="0" offset="369" offsetend="371" sl="147" fileid="5" />
                <BranchPoint vc="0" upsid="147" ordinal="29" path="1" offset="369" offsetend="404" sl="147" fileid="5" />
              </BranchPoints>
              <MethodPoint vc="0" upsid="0" p8:type="SequencePoint" ordinal="0" offset="0" sc="0" sl="86" ec="1" el="160" bec="0" bev="0" fileid="5" xmlns:p8="xsi" />
            </Method>
            <Method cyclomaticComplexity="6" nPathComplexity="0" sequenceCoverage="0" branchCoverage="0" isConstructor="False" isGetter="False" isSetter="False" isStatic="True">
              <Summary numSequencePoints="8" visitedSequencePoints="0" numBranchPoints="6" visitedBranchPoints="0" sequenceCoverage="0" branchCoverage="0" maxCyclomaticComplexity="6" minCyclomaticComplexity="6" visitedClasses="0" numClasses="0" visitedMethods="0" numMethods="1" />
              <MetadataToken />
              <Name>System.Int32 Xunit.JsonBuffer::ReadNextChar()</Name>
              <FileRef uid="5" />
              <SequencePoints>
                <SequencePoint vc="0" upsid="167" ordinal="0" sl="167" sc="1" el="167" ec="2" bec="0" bev="0" fileid="5" />
                <SequencePoint vc="0" upsid="168" ordinal="1" sl="168" sc="1" el="168" ec="2" bec="0" bev="0" fileid="5" />
                <SequencePoint vc="0" upsid="169" ordinal="2" sl="169" sc="1" el="169" ec="2" bec="0" bev="0" fileid="5" />
                <SequencePoint vc="0" upsid="173" ordinal="3" sl="173" sc="1" el="173" ec="2" bec="0" bev="0" fileid="5" />
                <SequencePoint vc="0" upsid="177" ordinal="4" sl="177" sc="1" el="177" ec="2" bec="0" bev="0" fileid="5" />
                <SequencePoint vc="0" upsid="178" ordinal="5" sl="178" sc="1" el="178" ec="2" bec="0" bev="0" fileid="5" />
                <SequencePoint vc="0" upsid="180" ordinal="6" sl="180" sc="1" el="180" ec="2" bec="0" bev="0" fileid="5" />
                <SequencePoint vc="0" upsid="185" ordinal="7" sl="185" sc="1" el="185" ec="2" bec="0" bev="0" fileid="5" />
              </SequencePoints>
              <BranchPoints>
                <BranchPoint vc="0" upsid="169" ordinal="5" path="1" offset="38" offsetend="0" sl="169" fileid="5" />
                <BranchPoint vc="0" upsid="169" ordinal="0" path="0" offset="28" offsetend="30" sl="169" fileid="5" />
                <BranchPoint vc="0" upsid="169" ordinal="2" path="0" offset="33" offsetend="35" sl="169" fileid="5" />
                <BranchPoint vc="0" upsid="169" ordinal="1" path="1" offset="28" offsetend="42" sl="169" fileid="5" />
                <BranchPoint vc="0" upsid="169" ordinal="3" path="1" offset="33" offsetend="44" sl="169" fileid="5" />
                <BranchPoint vc="0" upsid="169" ordinal="4" path="0" offset="38" offsetend="67" sl="169" fileid="5" />
              </BranchPoints>
              <MethodPoint vc="0" upsid="0" p8:type="SequencePoint" ordinal="1" offset="1" sc="0" sl="167" ec="1" el="185" bec="0" bev="0" fileid="5" xmlns:p8="xsi" />
            </Method>
            <Method cyclomaticComplexity="10" nPathComplexity="0" sequenceCoverage="0" branchCoverage="0" isConstructor="False" isGetter="False" isSetter="False" isStatic="True">
              <Summary numSequencePoints="10" visitedSequencePoints="0" numBranchPoints="10" visitedBranchPoints="0" sequenceCoverage="0" branchCoverage="0" maxCyclomaticComplexity="10" minCyclomaticComplexity="10" visitedClasses="0" numClasses="0" visitedMethods="0" numMethods="1" />
              <MetadataToken />
              <Name>System.String Xunit.JsonBuffer::ReadNumber(System.Int32)</Name>
              <FileRef uid="5" />
              <SequencePoints>
                <SequencePoint vc="0" upsid="195" ordinal="0" sl="195" sc="1" el="195" ec="2" bec="0" bev="0" fileid="5" />
                <SequencePoint vc="0" upsid="197" ordinal="1" sl="197" sc="1" el="197" ec="2" bec="0" bev="0" fileid="5" />
                <SequencePoint vc="0" upsid="201" ordinal="2" sl="201" sc="1" el="201" ec="2" bec="0" bev="0" fileid="5" />
                <SequencePoint vc="0" upsid="203" ordinal="3" sl="203" sc="1" el="203" ec="2" bec="0" bev="0" fileid="5" />
                <SequencePoint vc="0" upsid="204" ordinal="4" sl="204" sc="1" el="204" ec="2" bec="0" bev="0" fileid="5" />
                <SequencePoint vc="0" upsid="205" ordinal="5" sl="205" sc="1" el="205" ec="2" bec="0" bev="0" fileid="5" />
                <SequencePoint vc="0" upsid="206" ordinal="6" sl="206" sc="1" el="206" ec="2" bec="0" bev="0" fileid="5" />
                <SequencePoint vc="0" upsid="208" ordinal="7" sl="208" sc="1" el="208" ec="2" bec="0" bev="0" fileid="5" />
                <SequencePoint vc="0" upsid="209" ordinal="8" sl="209" sc="1" el="209" ec="2" bec="0" bev="0" fileid="5" />
                <SequencePoint vc="0" upsid="216" ordinal="9" sl="216" sc="1" el="216" ec="2" bec="0" bev="0" fileid="5" />
              </SequencePoints>
              <BranchPoints>
                <BranchPoint vc="0" upsid="203" ordinal="0" path="0" offset="41" offsetend="43" sl="203" fileid="5" />
                <BranchPoint vc="0" upsid="203" ordinal="1" path="1" offset="41" offsetend="48" sl="203" fileid="5" />
                <BranchPoint vc="0" upsid="203" ordinal="2" path="0" offset="46" offsetend="48" sl="203" fileid="5" />
                <BranchPoint vc="0" upsid="203" ordinal="4" path="0" offset="51" offsetend="53" sl="203" fileid="5" />
                <BranchPoint vc="0" upsid="203" ordinal="6" path="0" offset="56" offsetend="58" sl="203" fileid="5" />
                <BranchPoint vc="0" upsid="203" ordinal="3" path="1" offset="46" offsetend="63" sl="203" fileid="5" />
                <BranchPoint vc="0" upsid="203" ordinal="5" path="1" offset="51" offsetend="63" sl="203" fileid="5" />
                <BranchPoint vc="0" upsid="203" ordinal="7" path="1" offset="56" offsetend="63" sl="203" fileid="5" />
                <BranchPoint vc="0" upsid="203" ordinal="8" path="0" offset="61" offsetend="63" sl="203" fileid="5" />
                <BranchPoint vc="0" upsid="203" ordinal="9" path="1" offset="61" offsetend="84" sl="203" fileid="5" />
              </BranchPoints>
              <MethodPoint vc="0" upsid="0" p8:type="SequencePoint" ordinal="2" offset="2" sc="0" sl="195" ec="1" el="216" bec="0" bev="0" fileid="5" xmlns:p8="xsi" />
            </Method>
            <Method cyclomaticComplexity="16" nPathComplexity="0" sequenceCoverage="0" branchCoverage="0" isConstructor="False" isGetter="False" isSetter="False" isStatic="True">
              <Summary numSequencePoints="18" visitedSequencePoints="0" numBranchPoints="16" visitedBranchPoints="0" sequenceCoverage="0" branchCoverage="0" maxCyclomaticComplexity="16" minCyclomaticComplexity="16" visitedClasses="0" numClasses="0" visitedMethods="0" numMethods="1" />
              <MetadataToken />
              <Name>System.Void Xunit.JsonBuffer::ReadLiteral(System.String)</Name>
              <FileRef uid="5" />
              <SequencePoints>
                <SequencePoint vc="0" upsid="221" ordinal="0" sl="221" sc="1" el="221" ec="2" bec="0" bev="0" fileid="5" />
                <SequencePoint vc="0" upsid="223" ordinal="1" sl="223" sc="1" el="223" ec="2" bec="0" bev="0" fileid="5" />
                <SequencePoint vc="0" upsid="224" ordinal="2" sl="224" sc="1" el="224" ec="2" bec="0" bev="0" fileid="5" />
                <SequencePoint vc="0" upsid="226" ordinal="3" sl="226" sc="1" el="226" ec="2" bec="0" bev="0" fileid="5" />
                <SequencePoint vc="0" upsid="227" ordinal="4" sl="227" sc="1" el="227" ec="2" bec="0" bev="0" fileid="5" />
                <SequencePoint vc="0" upsid="228" ordinal="5" sl="228" sc="1" el="228" ec="2" bec="0" bev="0" fileid="5" />
                <SequencePoint vc="0" upsid="232" ordinal="6" sl="232" sc="1" el="232" ec="2" bec="0" bev="0" fileid="5" />
                <SequencePoint vc="0" upsid="236" ordinal="7" sl="236" sc="1" el="236" ec="2" bec="0" bev="0" fileid="5" />
                <SequencePoint vc="0" upsid="237" ordinal="8" sl="237" sc="1" el="237" ec="2" bec="0" bev="0" fileid="5" />
                <SequencePoint vc="0" upsid="238" ordinal="9" sl="238" sc="1" el="238" ec="2" bec="0" bev="0" fileid="5" />
                <SequencePoint vc="0" upsid="239" ordinal="10" sl="239" sc="1" el="239" ec="2" bec="0" bev="0" fileid="5" />
                <SequencePoint vc="0" upsid="240" ordinal="11" sl="240" sc="1" el="240" ec="2" bec="0" bev="0" fileid="5" />
                <SequencePoint vc="0" upsid="241" ordinal="12" sl="241" sc="1" el="241" ec="2" bec="0" bev="0" fileid="5" />
                <SequencePoint vc="0" upsid="242" ordinal="13" sl="242" sc="1" el="242" ec="2" bec="0" bev="0" fileid="5" />
                <SequencePoint vc="0" upsid="244" ordinal="14" sl="244" sc="1" el="244" ec="2" bec="0" bev="0" fileid="5" />
                <SequencePoint vc="0" upsid="245" ordinal="15" sl="245" sc="1" el="245" ec="2" bec="0" bev="0" fileid="5" />
                <SequencePoint vc="0" upsid="246" ordinal="16" sl="246" sc="1" el="246" ec="2" bec="0" bev="0" fileid="5" />
                <SequencePoint vc="0" upsid="248" ordinal="17" sl="248" sc="1" el="248" ec="2" bec="0" bev="0" fileid="5" />
              </SequencePoints>
              <BranchPoints>
                <BranchPoint vc="0" upsid="221" ordinal="3" path="1" offset="66" offsetend="4" sl="221" fileid="5" />
                <BranchPoint vc="0" upsid="224" ordinal="0" path="0" offset="22" offsetend="24" sl="224" fileid="5" />
                <BranchPoint vc="0" upsid="224" ordinal="1" path="1" offset="22" offsetend="48" sl="224" fileid="5" />
                <BranchPoint vc="0" upsid="221" ordinal="2" path="0" offset="66" offsetend="68" sl="221" fileid="5" />
                <BranchPoint vc="0" upsid="237" ordinal="4" path="0" offset="83" offsetend="85" sl="237" fileid="5" />
                <BranchPoint vc="0" upsid="237" ordinal="6" path="0" offset="88" offsetend="90" sl="237" fileid="5" />
                <BranchPoint vc="0" upsid="237" ordinal="8" path="0" offset="93" offsetend="95" sl="237" fileid="5" />
                <BranchPoint vc="0" upsid="237" ordinal="10" path="0" offset="98" offsetend="100" sl="237" fileid="5" />
                <BranchPoint vc="0" upsid="237" ordinal="12" path="0" offset="102" offsetend="104" sl="237" fileid="5" />
                <BranchPoint vc="0" upsid="237" ordinal="14" path="0" offset="110" offsetend="112" sl="237" fileid="5" />
                <BranchPoint vc="0" upsid="237" ordinal="5" path="1" offset="83" offsetend="137" sl="237" fileid="5" />
                <BranchPoint vc="0" upsid="237" ordinal="7" path="1" offset="88" offsetend="137" sl="237" fileid="5" />
                <BranchPoint vc="0" upsid="237" ordinal="9" path="1" offset="93" offsetend="137" sl="237" fileid="5" />
                <BranchPoint vc="0" upsid="237" ordinal="11" path="1" offset="98" offsetend="137" sl="237" fileid="5" />
                <BranchPoint vc="0" upsid="237" ordinal="13" path="1" offset="102" offsetend="137" sl="237" fileid="5" />
                <BranchPoint vc="0" upsid="237" ordinal="15" path="1" offset="110" offsetend="137" sl="237" fileid="5" />
              </BranchPoints>
              <MethodPoint vc="0" upsid="0" p8:type="SequencePoint" ordinal="3" offset="3" sc="0" sl="221" ec="1" el="248" bec="0" bev="0" fileid="5" xmlns:p8="xsi" />
            </Method>
            <Method cyclomaticComplexity="32" nPathComplexity="0" sequenceCoverage="0" branchCoverage="0" isConstructor="False" isGetter="False" isSetter="False" isStatic="True">
              <Summary numSequencePoints="60" visitedSequencePoints="0" numBranchPoints="32" visitedBranchPoints="0" sequenceCoverage="0" branchCoverage="0" maxCyclomaticComplexity="32" minCyclomaticComplexity="32" visitedClasses="0" numClasses="0" visitedMethods="0" numMethods="1" />
              <MetadataToken />
              <Name>System.String Xunit.JsonBuffer::ReadString()</Name>
              <FileRef uid="5" />
              <SequencePoints>
                <SequencePoint vc="0" upsid="255" ordinal="0" sl="255" sc="1" el="255" ec="2" bec="0" bev="0" fileid="5" />
                <SequencePoint vc="0" upsid="257" ordinal="1" sl="257" sc="1" el="257" ec="2" bec="0" bev="0" fileid="5" />
                <SequencePoint vc="0" upsid="259" ordinal="2" sl="259" sc="1" el="259" ec="2" bec="0" bev="0" fileid="5" />
                <SequencePoint vc="0" upsid="261" ordinal="3" sl="261" sc="1" el="261" ec="2" bec="0" bev="0" fileid="5" />
                <SequencePoint vc="0" upsid="263" ordinal="4" sl="263" sc="1" el="263" ec="2" bec="0" bev="0" fileid="5" />
                <SequencePoint vc="0" upsid="265" ordinal="5" sl="265" sc="1" el="265" ec="2" bec="0" bev="0" fileid="5" />
                <SequencePoint vc="0" upsid="266" ordinal="6" sl="266" sc="1" el="266" ec="2" bec="0" bev="0" fileid="5" />
                <SequencePoint vc="0" upsid="267" ordinal="7" sl="267" sc="1" el="267" ec="2" bec="0" bev="0" fileid="5" />
                <SequencePoint vc="0" upsid="269" ordinal="8" sl="269" sc="1" el="269" ec="2" bec="0" bev="0" fileid="5" />
                <SequencePoint vc="0" upsid="271" ordinal="9" sl="271" sc="1" el="271" ec="2" bec="0" bev="0" fileid="5" />
                <SequencePoint vc="0" upsid="273" ordinal="10" sl="273" sc="1" el="273" ec="2" bec="0" bev="0" fileid="5" />
                <SequencePoint vc="0" upsid="274" ordinal="11" sl="274" sc="1" el="274" ec="2" bec="0" bev="0" fileid="5" />
                <SequencePoint vc="0" upsid="275" ordinal="12" sl="275" sc="1" el="275" ec="2" bec="0" bev="0" fileid="5" />
                <SequencePoint vc="0" upsid="278" ordinal="13" sl="278" sc="1" el="278" ec="2" bec="0" bev="0" fileid="5" />
                <SequencePoint vc="0" upsid="279" ordinal="14" sl="279" sc="1" el="279" ec="2" bec="0" bev="0" fileid="5" />
                <SequencePoint vc="0" upsid="280" ordinal="15" sl="280" sc="1" el="280" ec="2" bec="0" bev="0" fileid="5" />
                <SequencePoint vc="0" upsid="283" ordinal="16" sl="283" sc="1" el="283" ec="2" bec="0" bev="0" fileid="5" />
                <SequencePoint vc="0" upsid="284" ordinal="17" sl="284" sc="1" el="284" ec="2" bec="0" bev="0" fileid="5" />
                <SequencePoint vc="0" upsid="285" ordinal="18" sl="285" sc="1" el="285" ec="2" bec="0" bev="0" fileid="5" />
                <SequencePoint vc="0" upsid="288" ordinal="19" sl="288" sc="1" el="288" ec="2" bec="0" bev="0" fileid="5" />
                <SequencePoint vc="0" upsid="289" ordinal="20" sl="289" sc="1" el="289" ec="2" bec="0" bev="0" fileid="5" />
                <SequencePoint vc="0" upsid="290" ordinal="21" sl="290" sc="1" el="290" ec="2" bec="0" bev="0" fileid="5" />
                <SequencePoint vc="0" upsid="293" ordinal="22" sl="293" sc="1" el="293" ec="2" bec="0" bev="0" fileid="5" />
                <SequencePoint vc="0" upsid="294" ordinal="23" sl="294" sc="1" el="294" ec="2" bec="0" bev="0" fileid="5" />
                <SequencePoint vc="0" upsid="295" ordinal="24" sl="295" sc="1" el="295" ec="2" bec="0" bev="0" fileid="5" />
                <SequencePoint vc="0" upsid="298" ordinal="25" sl="298" sc="1" el="298" ec="2" bec="0" bev="0" fileid="5" />
                <SequencePoint vc="0" upsid="299" ordinal="26" sl="299" sc="1" el="299" ec="2" bec="0" bev="0" fileid="5" />
                <SequencePoint vc="0" upsid="300" ordinal="27" sl="300" sc="1" el="300" ec="2" bec="0" bev="0" fileid="5" />
                <SequencePoint vc="0" upsid="303" ordinal="28" sl="303" sc="1" el="303" ec="2" bec="0" bev="0" fileid="5" />
                <SequencePoint vc="0" upsid="304" ordinal="29" sl="304" sc="1" el="304" ec="2" bec="0" bev="0" fileid="5" />
                <SequencePoint vc="0" upsid="309" ordinal="30" sl="309" sc="1" el="309" ec="2" bec="0" bev="0" fileid="5" />
                <SequencePoint vc="0" upsid="311" ordinal="31" sl="311" sc="1" el="311" ec="2" bec="0" bev="0" fileid="5" />
                <SequencePoint vc="0" upsid="313" ordinal="32" sl="313" sc="1" el="313" ec="2" bec="0" bev="0" fileid="5" />
                <SequencePoint vc="0" upsid="314" ordinal="33" sl="314" sc="1" el="314" ec="2" bec="0" bev="0" fileid="5" />
                <SequencePoint vc="0" upsid="316" ordinal="34" sl="316" sc="1" el="316" ec="2" bec="0" bev="0" fileid="5" />
                <SequencePoint vc="0" upsid="317" ordinal="35" sl="317" sc="1" el="317" ec="2" bec="0" bev="0" fileid="5" />
                <SequencePoint vc="0" upsid="318" ordinal="36" sl="318" sc="1" el="318" ec="2" bec="0" bev="0" fileid="5" />
                <SequencePoint vc="0" upsid="319" ordinal="37" sl="319" sc="1" el="319" ec="2" bec="0" bev="0" fileid="5" />
                <SequencePoint vc="0" upsid="323" ordinal="38" sl="323" sc="1" el="323" ec="2" bec="0" bev="0" fileid="5" />
                <SequencePoint vc="0" upsid="329" ordinal="39" sl="329" sc="1" el="329" ec="2" bec="0" bev="0" fileid="5" />
                <SequencePoint vc="0" upsid="330" ordinal="40" sl="330" sc="1" el="330" ec="2" bec="0" bev="0" fileid="5" />
                <SequencePoint vc="0" upsid="331" ordinal="41" sl="331" sc="1" el="331" ec="2" bec="0" bev="0" fileid="5" />
                <SequencePoint vc="0" upsid="332" ordinal="42" sl="332" sc="1" el="332" ec="2" bec="0" bev="0" fileid="5" />
                <SequencePoint vc="0" upsid="334" ordinal="43" sl="334" sc="1" el="334" ec="2" bec="0" bev="0" fileid="5" />
                <SequencePoint vc="0" upsid="335" ordinal="44" sl="335" sc="1" el="335" ec="2" bec="0" bev="0" fileid="5" />
                <SequencePoint vc="0" upsid="336" ordinal="45" sl="336" sc="1" el="336" ec="2" bec="0" bev="0" fileid="5" />
                <SequencePoint vc="0" upsid="337" ordinal="46" sl="337" sc="1" el="337" ec="2" bec="0" bev="0" fileid="5" />
                <SequencePoint vc="0" upsid="338" ordinal="47" sl="338" sc="1" el="338" ec="2" bec="0" bev="0" fileid="5" />
                <SequencePoint vc="0" upsid="343" ordinal="48" sl="343" sc="1" el="343" ec="2" bec="0" bev="0" fileid="5" />
                <SequencePoint vc="0" upsid="344" ordinal="49" sl="344" sc="1" el="344" ec="2" bec="0" bev="0" fileid="5" />
                <SequencePoint vc="0" upsid="345" ordinal="50" sl="345" sc="1" el="345" ec="2" bec="0" bev="0" fileid="5" />
                <SequencePoint vc="0" upsid="346" ordinal="51" sl="346" sc="1" el="346" ec="2" bec="0" bev="0" fileid="5" />
                <SequencePoint vc="0" upsid="349" ordinal="52" sl="349" sc="1" el="349" ec="2" bec="0" bev="0" fileid="5" />
                <SequencePoint vc="0" upsid="350" ordinal="53" sl="350" sc="1" el="350" ec="2" bec="0" bev="0" fileid="5" />
                <SequencePoint vc="0" upsid="351" ordinal="54" sl="351" sc="1" el="351" ec="2" bec="0" bev="0" fileid="5" />
                <SequencePoint vc="0" upsid="353" ordinal="55" sl="353" sc="1" el="353" ec="2" bec="0" bev="0" fileid="5" />
                <SequencePoint vc="0" upsid="354" ordinal="56" sl="354" sc="1" el="354" ec="2" bec="0" bev="0" fileid="5" />
                <SequencePoint vc="0" upsid="355" ordinal="57" sl="355" sc="1" el="355" ec="2" bec="0" bev="0" fileid="5" />
                <SequencePoint vc="0" upsid="361" ordinal="58" sl="361" sc="1" el="361" ec="2" bec="0" bev="0" fileid="5" />
                <SequencePoint vc="0" upsid="365" ordinal="59" sl="365" sc="1" el="365" ec="2" bec="0" bev="0" fileid="5" />
              </SequencePoints>
              <BranchPoints>
                <BranchPoint vc="0" upsid="263" ordinal="0" path="0" offset="23" offsetend="25" sl="263" fileid="5" />
                <BranchPoint vc="0" upsid="263" ordinal="1" path="1" offset="23" offsetend="30" sl="263" fileid="5" />
                <BranchPoint vc="0" upsid="263" ordinal="2" path="0" offset="28" offsetend="30" sl="263" fileid="5" />
                <BranchPoint vc="0" upsid="263" ordinal="3" path="1" offset="28" offsetend="53" sl="263" fileid="5" />
                <BranchPoint vc="0" upsid="269" ordinal="4" path="0" offset="54" offsetend="59" sl="269" fileid="5" />
                <BranchPoint vc="0" upsid="271" ordinal="6" path="0" offset="62" offsetend="64" sl="271" fileid="5" />
                <BranchPoint vc="0" upsid="271" ordinal="8" path="0" offset="67" offsetend="69" sl="271" fileid="5" />
                <BranchPoint vc="0" upsid="271" ordinal="7" path="1" offset="62" offsetend="74" sl="271" fileid="5" />
                <BranchPoint vc="0" upsid="271" ordinal="9" path="1" offset="67" offsetend="74" sl="271" fileid="5" />
                <BranchPoint vc="0" upsid="271" ordinal="10" path="0" offset="72" offsetend="74" sl="271" fileid="5" />
                <BranchPoint vc="0" upsid="271" ordinal="11" path="1" offset="72" offsetend="93" sl="271" fileid="5" />
                <BranchPoint vc="0" upsid="275" ordinal="12" path="0" offset="96" offsetend="98" sl="275" fileid="5" />
                <BranchPoint vc="0" upsid="275" ordinal="13" path="1" offset="96" offsetend="116" sl="275" fileid="5" />
                <BranchPoint vc="0" upsid="280" ordinal="14" path="0" offset="119" offsetend="121" sl="280" fileid="5" />
                <BranchPoint vc="0" upsid="280" ordinal="15" path="1" offset="119" offsetend="140" sl="280" fileid="5" />
                <BranchPoint vc="0" upsid="285" ordinal="16" path="0" offset="143" offsetend="145" sl="285" fileid="5" />
                <BranchPoint vc="0" upsid="285" ordinal="17" path="1" offset="143" offsetend="164" sl="285" fileid="5" />
                <BranchPoint vc="0" upsid="290" ordinal="18" path="0" offset="167" offsetend="169" sl="290" fileid="5" />
                <BranchPoint vc="0" upsid="290" ordinal="19" path="1" offset="167" offsetend="188" sl="290" fileid="5" />
                <BranchPoint vc="0" upsid="295" ordinal="20" path="0" offset="191" offsetend="193" sl="295" fileid="5" />
                <BranchPoint vc="0" upsid="295" ordinal="21" path="1" offset="191" offsetend="212" sl="295" fileid="5" />
                <BranchPoint vc="0" upsid="300" ordinal="22" path="0" offset="215" offsetend="220" sl="300" fileid="5" />
                <BranchPoint vc="0" upsid="311" ordinal="27" path="1" offset="299" offsetend="251" sl="311" fileid="5" />
                <BranchPoint vc="0" upsid="314" ordinal="24" path="0" offset="260" offsetend="262" sl="314" fileid="5" />
                <BranchPoint vc="0" upsid="314" ordinal="25" path="1" offset="260" offsetend="275" sl="314" fileid="5" />
                <BranchPoint vc="0" upsid="311" ordinal="26" path="0" offset="299" offsetend="301" sl="311" fileid="5" />
                <BranchPoint vc="0" upsid="300" ordinal="23" path="1" offset="215" offsetend="375" sl="300" fileid="5" />
                <BranchPoint vc="0" upsid="269" ordinal="5" path="1" offset="54" offsetend="426" sl="269" fileid="5" />
                <BranchPoint vc="0" upsid="351" ordinal="28" path="0" offset="429" offsetend="431" sl="351" fileid="5" />
                <BranchPoint vc="0" upsid="351" ordinal="29" path="1" offset="429" offsetend="438" sl="351" fileid="5" />
                <BranchPoint vc="0" upsid="355" ordinal="30" path="0" offset="441" offsetend="443" sl="355" fileid="5" />
                <BranchPoint vc="0" upsid="355" ordinal="31" path="1" offset="441" offsetend="462" sl="355" fileid="5" />
              </BranchPoints>
              <MethodPoint vc="0" upsid="0" p8:type="SequencePoint" ordinal="4" offset="4" sc="0" sl="255" ec="1" el="365" bec="0" bev="0" fileid="5" xmlns:p8="xsi" />
            </Method>
            <Method cyclomaticComplexity="4" nPathComplexity="0" sequenceCoverage="0" branchCoverage="0" isConstructor="False" isGetter="False" isSetter="False" isStatic="True">
              <Summary numSequencePoints="1" visitedSequencePoints="0" numBranchPoints="4" visitedBranchPoints="0" sequenceCoverage="0" branchCoverage="0" maxCyclomaticComplexity="4" minCyclomaticComplexity="4" visitedClasses="0" numClasses="0" visitedMethods="0" numMethods="1" />
              <MetadataToken />
              <Name>System.Boolean Xunit.JsonBuffer::IsWhitespace(System.Int32)</Name>
              <FileRef uid="5" />
              <SequencePoints>
                <SequencePoint vc="0" upsid="370" ordinal="0" sl="370" sc="1" el="370" ec="2" bec="0" bev="0" fileid="5" />
              </SequencePoints>
              <BranchPoints>
                <BranchPoint vc="0" upsid="370" ordinal="0" path="0" offset="3" offsetend="5" sl="370" fileid="5" />
                <BranchPoint vc="0" upsid="370" ordinal="2" path="0" offset="8" offsetend="10" sl="370" fileid="5" />
                <BranchPoint vc="0" upsid="370" ordinal="1" path="1" offset="3" offsetend="16" sl="370" fileid="5" />
                <BranchPoint vc="0" upsid="370" ordinal="3" path="1" offset="8" offsetend="16" sl="370" fileid="5" />
              </BranchPoints>
              <MethodPoint vc="0" upsid="0" p8:type="SequencePoint" ordinal="5" offset="5" sc="0" sl="370" ec="1" el="370" bec="0" bev="0" fileid="5" xmlns:p8="xsi" />
            </Method>
            <Method cyclomaticComplexity="1" nPathComplexity="0" sequenceCoverage="0" branchCoverage="1" isConstructor="True" isGetter="False" isSetter="False" isStatic="True">
              <Summary numSequencePoints="6" visitedSequencePoints="0" numBranchPoints="0" visitedBranchPoints="0" sequenceCoverage="0" branchCoverage="1" maxCyclomaticComplexity="1" minCyclomaticComplexity="1" visitedClasses="0" numClasses="0" visitedMethods="0" numMethods="1" />
              <MetadataToken />
              <Name>System.Void Xunit.JsonBuffer::.ctor(System.IO.TextReader)</Name>
              <FileRef uid="5" />
              <SequencePoints>
                <SequencePoint vc="0" upsid="68" ordinal="0" sl="68" sc="1" el="68" ec="2" bec="0" bev="0" fileid="5" />
                <SequencePoint vc="0" upsid="69" ordinal="1" sl="69" sc="1" el="69" ec="2" bec="0" bev="0" fileid="5" />
                <SequencePoint vc="0" upsid="75" ordinal="2" sl="75" sc="1" el="75" ec="2" bec="0" bev="0" fileid="5" />
                <SequencePoint vc="0" upsid="77" ordinal="3" sl="77" sc="1" el="77" ec="2" bec="0" bev="0" fileid="5" />
                <SequencePoint vc="0" upsid="78" ordinal="4" sl="78" sc="1" el="78" ec="2" bec="0" bev="0" fileid="5" />
                <SequencePoint vc="0" upsid="79" ordinal="5" sl="79" sc="1" el="79" ec="2" bec="0" bev="0" fileid="5" />
              </SequencePoints>
              <BranchPoints />
              <MethodPoint vc="0" upsid="0" p8:type="SequencePoint" ordinal="6" offset="6" sc="0" sl="68" ec="1" el="79" bec="0" bev="0" fileid="5" xmlns:p8="xsi" />
            </Method>
          </Methods>
        </Class>
        <Class>
          <Summary numSequencePoints="75" visitedSequencePoints="0" numBranchPoints="44" visitedBranchPoints="0" sequenceCoverage="0" branchCoverage="0" maxCyclomaticComplexity="16" minCyclomaticComplexity="4" visitedClasses="0" numClasses="1" visitedMethods="0" numMethods="4" />
          <FullName>Xunit.JsonDeserializer</FullName>
          <Methods>
            <Method cyclomaticComplexity="4" nPathComplexity="0" sequenceCoverage="0" branchCoverage="0" isConstructor="False" isGetter="False" isSetter="False" isStatic="True">
              <Summary numSequencePoints="10" visitedSequencePoints="0" numBranchPoints="4" visitedBranchPoints="0" sequenceCoverage="0" branchCoverage="0" maxCyclomaticComplexity="4" minCyclomaticComplexity="4" visitedClasses="0" numClasses="0" visitedMethods="0" numMethods="1" />
              <MetadataToken />
              <Name>Xunit.JsonValue Xunit.JsonDeserializer::Deserialize(System.IO.TextReader)</Name>
              <FileRef uid="5" />
              <SequencePoints>
                <SequencePoint vc="0" upsid="378" ordinal="0" sl="378" sc="1" el="378" ec="2" bec="0" bev="0" fileid="5" />
                <SequencePoint vc="0" upsid="380" ordinal="1" sl="380" sc="1" el="380" ec="2" bec="0" bev="0" fileid="5" />
                <SequencePoint vc="0" upsid="383" ordinal="2" sl="383" sc="1" el="383" ec="2" bec="0" bev="0" fileid="5" />
                <SequencePoint vc="0" upsid="385" ordinal="3" sl="385" sc="1" el="385" ec="2" bec="0" bev="0" fileid="5" />
                <SequencePoint vc="0" upsid="388" ordinal="4" sl="388" sc="1" el="388" ec="2" bec="0" bev="0" fileid="5" />
                <SequencePoint vc="0" upsid="389" ordinal="5" sl="389" sc="1" el="389" ec="2" bec="0" bev="0" fileid="5" />
                <SequencePoint vc="0" upsid="391" ordinal="6" sl="391" sc="1" el="391" ec="2" bec="0" bev="0" fileid="5" />
                <SequencePoint vc="0" upsid="392" ordinal="7" sl="392" sc="1" el="392" ec="2" bec="0" bev="0" fileid="5" />
                <SequencePoint vc="0" upsid="393" ordinal="8" sl="393" sc="1" el="393" ec="2" bec="0" bev="0" fileid="5" />
                <SequencePoint vc="0" upsid="396" ordinal="9" sl="396" sc="1" el="396" ec="2" bec="0" bev="0" fileid="5" />
              </SequencePoints>
              <BranchPoints>
                <BranchPoint vc="0" upsid="378" ordinal="0" path="0" offset="1" offsetend="3" sl="378" fileid="5" />
                <BranchPoint vc="0" upsid="378" ordinal="1" path="1" offset="1" offsetend="14" sl="378" fileid="5" />
                <BranchPoint vc="0" upsid="389" ordinal="2" path="0" offset="48" offsetend="50" sl="389" fileid="5" />
                <BranchPoint vc="0" upsid="389" ordinal="3" path="1" offset="48" offsetend="68" sl="389" fileid="5" />
              </BranchPoints>
              <MethodPoint vc="0" upsid="0" p8:type="SequencePoint" ordinal="0" offset="0" sc="0" sl="378" ec="1" el="396" bec="0" bev="0" fileid="5" xmlns:p8="xsi" />
            </Method>
            <Method cyclomaticComplexity="16" nPathComplexity="0" sequenceCoverage="0" branchCoverage="0" isConstructor="False" isGetter="False" isSetter="False" isStatic="True">
              <Summary numSequencePoints="17" visitedSequencePoints="0" numBranchPoints="16" visitedBranchPoints="0" sequenceCoverage="0" branchCoverage="0" maxCyclomaticComplexity="16" minCyclomaticComplexity="16" visitedClasses="0" numClasses="0" visitedMethods="0" numMethods="1" />
              <MetadataToken />
              <Name>Xunit.JsonValue Xunit.JsonDeserializer::DeserializeInternal(Xunit.JsonToken,Xunit.JsonBuffer)</Name>
              <FileRef uid="5" />
              <SequencePoints>
                <SequencePoint vc="0" upsid="401" ordinal="0" sl="401" sc="1" el="401" ec="2" bec="0" bev="0" fileid="5" />
                <SequencePoint vc="0" upsid="403" ordinal="1" sl="403" sc="1" el="403" ec="2" bec="0" bev="0" fileid="5" />
                <SequencePoint vc="0" upsid="406" ordinal="2" sl="406" sc="1" el="406" ec="2" bec="0" bev="0" fileid="5" />
                <SequencePoint vc="0" upsid="408" ordinal="3" sl="408" sc="1" el="408" ec="2" bec="0" bev="0" fileid="5" />
                <SequencePoint vc="0" upsid="411" ordinal="4" sl="411" sc="1" el="411" ec="2" bec="0" bev="0" fileid="5" />
                <SequencePoint vc="0" upsid="413" ordinal="5" sl="413" sc="1" el="413" ec="2" bec="0" bev="0" fileid="5" />
                <SequencePoint vc="0" upsid="416" ordinal="6" sl="416" sc="1" el="416" ec="2" bec="0" bev="0" fileid="5" />
                <SequencePoint vc="0" upsid="418" ordinal="7" sl="418" sc="1" el="418" ec="2" bec="0" bev="0" fileid="5" />
                <SequencePoint vc="0" upsid="421" ordinal="8" sl="421" sc="1" el="421" ec="2" bec="0" bev="0" fileid="5" />
                <SequencePoint vc="0" upsid="423" ordinal="9" sl="423" sc="1" el="423" ec="2" bec="0" bev="0" fileid="5" />
                <SequencePoint vc="0" upsid="426" ordinal="10" sl="426" sc="1" el="426" ec="2" bec="0" bev="0" fileid="5" />
                <SequencePoint vc="0" upsid="428" ordinal="11" sl="428" sc="1" el="428" ec="2" bec="0" bev="0" fileid="5" />
                <SequencePoint vc="0" upsid="431" ordinal="12" sl="431" sc="1" el="431" ec="2" bec="0" bev="0" fileid="5" />
                <SequencePoint vc="0" upsid="433" ordinal="13" sl="433" sc="1" el="433" ec="2" bec="0" bev="0" fileid="5" />
                <SequencePoint vc="0" upsid="436" ordinal="14" sl="436" sc="1" el="436" ec="2" bec="0" bev="0" fileid="5" />
                <SequencePoint vc="0" upsid="437" ordinal="15" sl="437" sc="1" el="437" ec="2" bec="0" bev="0" fileid="5" />
                <SequencePoint vc="0" upsid="438" ordinal="16" sl="438" sc="1" el="438" ec="2" bec="0" bev="0" fileid="5" />
              </SequencePoints>
              <BranchPoints>
                <BranchPoint vc="0" upsid="401" ordinal="0" path="0" offset="8" offsetend="10" sl="401" fileid="5" />
                <BranchPoint vc="0" upsid="401" ordinal="1" path="1" offset="8" offsetend="12" sl="401" fileid="5" />
                <BranchPoint vc="0" upsid="406" ordinal="2" path="0" offset="19" offsetend="21" sl="406" fileid="5" />
                <BranchPoint vc="0" upsid="406" ordinal="3" path="1" offset="19" offsetend="29" sl="406" fileid="5" />
                <BranchPoint vc="0" upsid="411" ordinal="4" path="0" offset="35" offsetend="37" sl="411" fileid="5" />
                <BranchPoint vc="0" upsid="411" ordinal="5" path="1" offset="35" offsetend="45" sl="411" fileid="5" />
                <BranchPoint vc="0" upsid="416" ordinal="6" path="0" offset="53" offsetend="55" sl="416" fileid="5" />
                <BranchPoint vc="0" upsid="416" ordinal="7" path="1" offset="53" offsetend="79" sl="416" fileid="5" />
                <BranchPoint vc="0" upsid="421" ordinal="8" path="0" offset="86" offsetend="88" sl="421" fileid="5" />
                <BranchPoint vc="0" upsid="421" ordinal="9" path="1" offset="86" offsetend="97" sl="421" fileid="5" />
                <BranchPoint vc="0" upsid="421" ordinal="10" path="0" offset="95" offsetend="97" sl="421" fileid="5" />
                <BranchPoint vc="0" upsid="421" ordinal="11" path="1" offset="95" offsetend="104" sl="421" fileid="5" />
                <BranchPoint vc="0" upsid="426" ordinal="12" path="0" offset="111" offsetend="113" sl="426" fileid="5" />
                <BranchPoint vc="0" upsid="426" ordinal="13" path="1" offset="111" offsetend="131" sl="426" fileid="5" />
                <BranchPoint vc="0" upsid="431" ordinal="14" path="0" offset="139" offsetend="141" sl="431" fileid="5" />
                <BranchPoint vc="0" upsid="431" ordinal="15" path="1" offset="139" offsetend="148" sl="431" fileid="5" />
              </BranchPoints>
              <MethodPoint vc="0" upsid="0" p8:type="SequencePoint" ordinal="1" offset="1" sc="0" sl="401" ec="1" el="438" bec="0" bev="0" fileid="5" xmlns:p8="xsi" />
            </Method>
            <Method cyclomaticComplexity="8" nPathComplexity="0" sequenceCoverage="0" branchCoverage="0" isConstructor="False" isGetter="False" isSetter="False" isStatic="True">
              <Summary numSequencePoints="15" visitedSequencePoints="0" numBranchPoints="8" visitedBranchPoints="0" sequenceCoverage="0" branchCoverage="0" maxCyclomaticComplexity="8" minCyclomaticComplexity="8" visitedClasses="0" numClasses="0" visitedMethods="0" numMethods="1" />
              <MetadataToken />
              <Name>Xunit.JsonArray Xunit.JsonDeserializer::DeserializeArray(Xunit.JsonToken,Xunit.JsonBuffer)</Name>
              <FileRef uid="5" />
              <SequencePoints>
                <SequencePoint vc="0" upsid="443" ordinal="0" sl="443" sc="1" el="443" ec="2" bec="0" bev="0" fileid="5" />
                <SequencePoint vc="0" upsid="446" ordinal="1" sl="446" sc="1" el="446" ec="2" bec="0" bev="0" fileid="5" />
                <SequencePoint vc="0" upsid="447" ordinal="2" sl="447" sc="1" el="447" ec="2" bec="0" bev="0" fileid="5" />
                <SequencePoint vc="0" upsid="452" ordinal="3" sl="452" sc="1" el="452" ec="2" bec="0" bev="0" fileid="5" />
                <SequencePoint vc="0" upsid="454" ordinal="4" sl="454" sc="1" el="454" ec="2" bec="0" bev="0" fileid="5" />
                <SequencePoint vc="0" upsid="455" ordinal="5" sl="455" sc="1" el="455" ec="2" bec="0" bev="0" fileid="5" />
                <SequencePoint vc="0" upsid="457" ordinal="6" sl="457" sc="1" el="457" ec="2" bec="0" bev="0" fileid="5" />
                <SequencePoint vc="0" upsid="458" ordinal="7" sl="458" sc="1" el="458" ec="2" bec="0" bev="0" fileid="5" />
                <SequencePoint vc="0" upsid="459" ordinal="8" sl="459" sc="1" el="459" ec="2" bec="0" bev="0" fileid="5" />
                <SequencePoint vc="0" upsid="461" ordinal="9" sl="461" sc="1" el="461" ec="2" bec="0" bev="0" fileid="5" />
[...]
                <SequencePoint vc="0" upsid="45" ordinal="4" sl="45" sc="1" el="45" ec="2" bec="0" bev="0" fileid="22" />
                <SequencePoint vc="0" upsid="46" ordinal="5" sl="46" sc="1" el="46" ec="2" bec="0" bev="0" fileid="22" />
                <SequencePoint vc="0" upsid="48" ordinal="6" sl="48" sc="1" el="48" ec="2" bec="0" bev="0" fileid="22" />
                <SequencePoint vc="0" upsid="49" ordinal="7" sl="49" sc="1" el="49" ec="2" bec="0" bev="0" fileid="22" />
              </SequencePoints>
              <BranchPoints>
                <BranchPoint vc="0" upsid="41" ordinal="0" path="0" offset="37" offsetend="39" sl="41" fileid="22" />
                <BranchPoint vc="0" upsid="41" ordinal="1" path="1" offset="37" offsetend="73" sl="41" fileid="22" />
              </BranchPoints>
              <MethodPoint vc="0" upsid="0" p8:type="SequencePoint" ordinal="0" offset="0" sc="0" sl="37" ec="1" el="49" bec="0" bev="0" fileid="22" xmlns:p8="xsi" />
            </Method>
            <Method cyclomaticComplexity="6" nPathComplexity="0" sequenceCoverage="0" branchCoverage="0" isConstructor="False" isGetter="False" isSetter="False" isStatic="True">
              <Summary numSequencePoints="11" visitedSequencePoints="0" numBranchPoints="6" visitedBranchPoints="0" sequenceCoverage="0" branchCoverage="0" maxCyclomaticComplexity="6" minCyclomaticComplexity="6" visitedClasses="0" numClasses="0" visitedMethods="0" numMethods="1" />
              <MetadataToken />
              <Name>System.Void Xunit.Runner.Reporters.VstsReporterMessageHandler::HandleTestAssemblyStarting(Xunit.MessageHandlerArgs`1&lt;Xunit.Abstractions.ITestAssemblyStarting&gt;)</Name>
              <FileRef uid="22" />
              <SequencePoints>
                <SequencePoint vc="0" upsid="53" ordinal="0" sl="53" sc="1" el="53" ec="2" bec="0" bev="0" fileid="22" />
                <SequencePoint vc="0" upsid="55" ordinal="1" sl="55" sc="1" el="55" ec="2" bec="0" bev="0" fileid="22" />
                <SequencePoint vc="0" upsid="58" ordinal="2" sl="58" sc="1" el="58" ec="2" bec="0" bev="0" fileid="22" />
                <SequencePoint vc="0" upsid="59" ordinal="3" sl="59" sc="1" el="59" ec="2" bec="0" bev="0" fileid="22" />
                <SequencePoint vc="0" upsid="60" ordinal="4" sl="60" sc="1" el="60" ec="2" bec="0" bev="0" fileid="22" />
                <SequencePoint vc="0" upsid="61" ordinal="5" sl="61" sc="1" el="61" ec="2" bec="0" bev="0" fileid="22" />
                <SequencePoint vc="0" upsid="63" ordinal="6" sl="63" sc="1" el="63" ec="2" bec="0" bev="0" fileid="22" />
                <SequencePoint vc="0" upsid="65" ordinal="7" sl="65" sc="1" el="65" ec="2" bec="0" bev="0" fileid="22" />
                <SequencePoint vc="0" upsid="66" ordinal="8" sl="66" sc="1" el="66" ec="2" bec="0" bev="0" fileid="22" />
                <SequencePoint vc="0" upsid="67" ordinal="9" sl="67" sc="1" el="67" ec="2" bec="0" bev="0" fileid="22" />
                <SequencePoint vc="0" upsid="68" ordinal="10" sl="68" sc="1" el="68" ec="2" bec="0" bev="0" fileid="22" />
              </SequencePoints>
              <BranchPoints>
                <BranchPoint vc="0" upsid="60" ordinal="0" path="0" offset="90" offsetend="92" sl="60" fileid="22" />
                <BranchPoint vc="0" upsid="60" ordinal="1" path="1" offset="90" offsetend="96" sl="60" fileid="22" />
                <BranchPoint vc="0" upsid="60" ordinal="2" path="0" offset="113" offsetend="115" sl="60" fileid="22" />
                <BranchPoint vc="0" upsid="60" ordinal="3" path="1" offset="113" offsetend="133" sl="60" fileid="22" />
                <BranchPoint vc="0" upsid="65" ordinal="4" path="0" offset="172" offsetend="174" sl="65" fileid="22" />
                <BranchPoint vc="0" upsid="65" ordinal="5" path="1" offset="172" offsetend="209" sl="65" fileid="22" />
              </BranchPoints>
              <MethodPoint vc="0" upsid="0" p8:type="SequencePoint" ordinal="1" offset="1" sc="0" sl="53" ec="1" el="68" bec="0" bev="0" fileid="22" xmlns:p8="xsi" />
            </Method>
            <Method cyclomaticComplexity="1" nPathComplexity="0" sequenceCoverage="0" branchCoverage="1" isConstructor="False" isGetter="False" isSetter="False" isStatic="True">
              <Summary numSequencePoints="6" visitedSequencePoints="0" numBranchPoints="0" visitedBranchPoints="0" sequenceCoverage="0" branchCoverage="1" maxCyclomaticComplexity="1" minCyclomaticComplexity="1" visitedClasses="0" numClasses="0" visitedMethods="0" numMethods="1" />
              <MetadataToken />
              <Name>System.Void Xunit.Runner.Reporters.VstsReporterMessageHandler::HandleTestStarting(Xunit.MessageHandlerArgs`1&lt;Xunit.Abstractions.ITestStarting&gt;)</Name>
              <FileRef uid="22" />
              <SequencePoints>
                <SequencePoint vc="0" upsid="72" ordinal="0" sl="72" sc="1" el="72" ec="2" bec="0" bev="0" fileid="22" />
                <SequencePoint vc="0" upsid="74" ordinal="1" sl="74" sc="1" el="74" ec="2" bec="0" bev="0" fileid="22" />
                <SequencePoint vc="0" upsid="75" ordinal="2" sl="75" sc="1" el="75" ec="2" bec="0" bev="0" fileid="22" />
                <SequencePoint vc="0" upsid="76" ordinal="3" sl="76" sc="1" el="76" ec="2" bec="0" bev="0" fileid="22" />
                <SequencePoint vc="0" upsid="77" ordinal="4" sl="77" sc="1" el="77" ec="2" bec="0" bev="0" fileid="22" />
                <SequencePoint vc="0" upsid="78" ordinal="5" sl="78" sc="1" el="78" ec="2" bec="0" bev="0" fileid="22" />
              </SequencePoints>
              <BranchPoints />
              <MethodPoint vc="0" upsid="0" p8:type="SequencePoint" ordinal="2" offset="2" sc="0" sl="72" ec="1" el="78" bec="0" bev="0" fileid="22" xmlns:p8="xsi" />
            </Method>
            <Method cyclomaticComplexity="1" nPathComplexity="0" sequenceCoverage="0" branchCoverage="1" isConstructor="False" isGetter="False" isSetter="False" isStatic="True">
              <Summary numSequencePoints="5" visitedSequencePoints="0" numBranchPoints="0" visitedBranchPoints="0" sequenceCoverage="0" branchCoverage="1" maxCyclomaticComplexity="1" minCyclomaticComplexity="1" visitedClasses="0" numClasses="0" visitedMethods="0" numMethods="1" />
              <MetadataToken />
              <Name>System.Void Xunit.Runner.Reporters.VstsReporterMessageHandler::HandleTestPassed(Xunit.MessageHandlerArgs`1&lt;Xunit.Abstractions.ITestPassed&gt;)</Name>
              <FileRef uid="22" />
              <SequencePoints>
                <SequencePoint vc="0" upsid="82" ordinal="0" sl="82" sc="1" el="82" ec="2" bec="0" bev="0" fileid="22" />
                <SequencePoint vc="0" upsid="84" ordinal="1" sl="84" sc="1" el="84" ec="2" bec="0" bev="0" fileid="22" />
                <SequencePoint vc="0" upsid="85" ordinal="2" sl="85" sc="1" el="85" ec="2" bec="0" bev="0" fileid="22" />
                <SequencePoint vc="0" upsid="87" ordinal="3" sl="87" sc="1" el="87" ec="2" bec="0" bev="0" fileid="22" />
                <SequencePoint vc="0" upsid="88" ordinal="4" sl="88" sc="1" el="88" ec="2" bec="0" bev="0" fileid="22" />
              </SequencePoints>
              <BranchPoints />
              <MethodPoint vc="0" upsid="0" p8:type="SequencePoint" ordinal="3" offset="3" sc="0" sl="82" ec="1" el="88" bec="0" bev="0" fileid="22" xmlns:p8="xsi" />
            </Method>
            <Method cyclomaticComplexity="1" nPathComplexity="0" sequenceCoverage="0" branchCoverage="1" isConstructor="False" isGetter="False" isSetter="False" isStatic="True">
              <Summary numSequencePoints="5" visitedSequencePoints="0" numBranchPoints="0" visitedBranchPoints="0" sequenceCoverage="0" branchCoverage="1" maxCyclomaticComplexity="1" minCyclomaticComplexity="1" visitedClasses="0" numClasses="0" visitedMethods="0" numMethods="1" />
              <MetadataToken />
              <Name>System.Void Xunit.Runner.Reporters.VstsReporterMessageHandler::HandleTestSkipped(Xunit.MessageHandlerArgs`1&lt;Xunit.Abstractions.ITestSkipped&gt;)</Name>
              <FileRef uid="22" />
              <SequencePoints>
                <SequencePoint vc="0" upsid="92" ordinal="0" sl="92" sc="1" el="92" ec="2" bec="0" bev="0" fileid="22" />
                <SequencePoint vc="0" upsid="94" ordinal="1" sl="94" sc="1" el="94" ec="2" bec="0" bev="0" fileid="22" />
                <SequencePoint vc="0" upsid="95" ordinal="2" sl="95" sc="1" el="95" ec="2" bec="0" bev="0" fileid="22" />
                <SequencePoint vc="0" upsid="97" ordinal="3" sl="97" sc="1" el="97" ec="2" bec="0" bev="0" fileid="22" />
                <SequencePoint vc="0" upsid="98" ordinal="4" sl="98" sc="1" el="98" ec="2" bec="0" bev="0" fileid="22" />
              </SequencePoints>
              <BranchPoints />
              <MethodPoint vc="0" upsid="0" p8:type="SequencePoint" ordinal="4" offset="4" sc="0" sl="92" ec="1" el="98" bec="0" bev="0" fileid="22" xmlns:p8="xsi" />
            </Method>
            <Method cyclomaticComplexity="1" nPathComplexity="0" sequenceCoverage="0" branchCoverage="1" isConstructor="False" isGetter="False" isSetter="False" isStatic="True">
              <Summary numSequencePoints="6" visitedSequencePoints="0" numBranchPoints="0" visitedBranchPoints="0" sequenceCoverage="0" branchCoverage="1" maxCyclomaticComplexity="1" minCyclomaticComplexity="1" visitedClasses="0" numClasses="0" visitedMethods="0" numMethods="1" />
              <MetadataToken />
              <Name>System.Void Xunit.Runner.Reporters.VstsReporterMessageHandler::HandleTestFailed(Xunit.MessageHandlerArgs`1&lt;Xunit.Abstractions.ITestFailed&gt;)</Name>
              <FileRef uid="22" />
              <SequencePoints>
                <SequencePoint vc="0" upsid="102" ordinal="0" sl="102" sc="1" el="102" ec="2" bec="0" bev="0" fileid="22" />
                <SequencePoint vc="0" upsid="104" ordinal="1" sl="104" sc="1" el="104" ec="2" bec="0" bev="0" fileid="22" />
                <SequencePoint vc="0" upsid="105" ordinal="2" sl="105" sc="1" el="105" ec="2" bec="0" bev="0" fileid="22" />
                <SequencePoint vc="0" upsid="106" ordinal="3" sl="106" sc="1" el="106" ec="2" bec="0" bev="0" fileid="22" />
                <SequencePoint vc="0" upsid="108" ordinal="4" sl="108" sc="1" el="108" ec="2" bec="0" bev="0" fileid="22" />
                <SequencePoint vc="0" upsid="109" ordinal="5" sl="109" sc="1" el="109" ec="2" bec="0" bev="0" fileid="22" />
              </SequencePoints>
              <BranchPoints />
              <MethodPoint vc="0" upsid="0" p8:type="SequencePoint" ordinal="5" offset="5" sc="0" sl="102" ec="1" el="109" bec="0" bev="0" fileid="22" xmlns:p8="xsi" />
            </Method>
            <Method cyclomaticComplexity="1" nPathComplexity="0" sequenceCoverage="0" branchCoverage="1" isConstructor="False" isGetter="False" isSetter="False" isStatic="True">
              <Summary numSequencePoints="13" visitedSequencePoints="0" numBranchPoints="0" visitedBranchPoints="0" sequenceCoverage="0" branchCoverage="1" maxCyclomaticComplexity="1" minCyclomaticComplexity="1" visitedClasses="0" numClasses="0" visitedMethods="0" numMethods="1" />
              <MetadataToken />
              <Name>System.Void Xunit.Runner.Reporters.VstsReporterMessageHandler::VstsAddTest(System.String,System.String,System.String,Xunit.Abstractions.ITest)</Name>
              <FileRef uid="22" />
              <SequencePoints>
                <SequencePoint vc="0" upsid="113" ordinal="0" sl="113" sc="1" el="113" ec="2" bec="0" bev="0" fileid="22" />
                <SequencePoint vc="0" upsid="114" ordinal="1" sl="114" sc="1" el="114" ec="2" bec="0" bev="0" fileid="22" />
                <SequencePoint vc="0" upsid="115" ordinal="2" sl="115" sc="1" el="115" ec="2" bec="0" bev="0" fileid="22" />
                <SequencePoint vc="0" upsid="116" ordinal="3" sl="116" sc="1" el="116" ec="2" bec="0" bev="0" fileid="22" />
                <SequencePoint vc="0" upsid="117" ordinal="4" sl="117" sc="1" el="117" ec="2" bec="0" bev="0" fileid="22" />
                <SequencePoint vc="0" upsid="118" ordinal="5" sl="118" sc="1" el="118" ec="2" bec="0" bev="0" fileid="22" />
                <SequencePoint vc="0" upsid="119" ordinal="6" sl="119" sc="1" el="119" ec="2" bec="0" bev="0" fileid="22" />
                <SequencePoint vc="0" upsid="120" ordinal="7" sl="120" sc="1" el="120" ec="2" bec="0" bev="0" fileid="22" />
                <SequencePoint vc="0" upsid="121" ordinal="8" sl="121" sc="1" el="121" ec="2" bec="0" bev="0" fileid="22" />
                <SequencePoint vc="0" upsid="122" ordinal="9" sl="122" sc="1" el="122" ec="2" bec="0" bev="0" fileid="22" />
                <SequencePoint vc="0" upsid="123" ordinal="10" sl="123" sc="1" el="123" ec="2" bec="0" bev="0" fileid="22" />
                <SequencePoint vc="0" upsid="125" ordinal="11" sl="125" sc="1" el="125" ec="2" bec="0" bev="0" fileid="22" />
                <SequencePoint vc="0" upsid="126" ordinal="12" sl="126" sc="1" el="126" ec="2" bec="0" bev="0" fileid="22" />
              </SequencePoints>
              <BranchPoints />
              <MethodPoint vc="0" upsid="0" p8:type="SequencePoint" ordinal="6" offset="6" sc="0" sl="113" ec="1" el="126" bec="0" bev="0" fileid="22" xmlns:p8="xsi" />
            </Method>
            <Method cyclomaticComplexity="2" nPathComplexity="0" sequenceCoverage="0" branchCoverage="0" isConstructor="False" isGetter="False" isSetter="False" isStatic="True">
              <Summary numSequencePoints="11" visitedSequencePoints="0" numBranchPoints="2" visitedBranchPoints="0" sequenceCoverage="0" branchCoverage="0" maxCyclomaticComplexity="2" minCyclomaticComplexity="2" visitedClasses="0" numClasses="0" visitedMethods="0" numMethods="1" />
              <MetadataToken />
              <Name>System.Void Xunit.Runner.Reporters.VstsReporterMessageHandler::VstsUpdateTest(Xunit.Abstractions.ITest,System.String,System.Nullable`1&lt;System.Int64&gt;,System.String,System.String,System.String)</Name>
              <FileRef uid="22" />
              <SequencePoints>
                <SequencePoint vc="0" upsid="130" ordinal="0" sl="130" sc="1" el="130" ec="2" bec="0" bev="0" fileid="22" />
                <SequencePoint vc="0" upsid="131" ordinal="1" sl="131" sc="1" el="131" ec="2" bec="0" bev="0" fileid="22" />
                <SequencePoint vc="0" upsid="132" ordinal="2" sl="132" sc="1" el="132" ec="2" bec="0" bev="0" fileid="22" />
                <SequencePoint vc="0" upsid="133" ordinal="3" sl="133" sc="1" el="133" ec="2" bec="0" bev="0" fileid="22" />
                <SequencePoint vc="0" upsid="134" ordinal="4" sl="134" sc="1" el="134" ec="2" bec="0" bev="0" fileid="22" />
                <SequencePoint vc="0" upsid="135" ordinal="5" sl="135" sc="1" el="135" ec="2" bec="0" bev="0" fileid="22" />
                <SequencePoint vc="0" upsid="137" ordinal="6" sl="137" sc="1" el="137" ec="2" bec="0" bev="0" fileid="22" />
                <SequencePoint vc="0" upsid="138" ordinal="7" sl="138" sc="1" el="138" ec="2" bec="0" bev="0" fileid="22" />
                <SequencePoint vc="0" upsid="139" ordinal="8" sl="139" sc="1" el="139" ec="2" bec="0" bev="0" fileid="22" />
                <SequencePoint vc="0" upsid="141" ordinal="9" sl="141" sc="1" el="141" ec="2" bec="0" bev="0" fileid="22" />
                <SequencePoint vc="0" upsid="142" ordinal="10" sl="142" sc="1" el="142" ec="2" bec="0" bev="0" fileid="22" />
              </SequencePoints>
              <BranchPoints>
                <BranchPoint vc="0" upsid="138" ordinal="0" path="0" offset="110" offsetend="112" sl="138" fileid="22" />
                <BranchPoint vc="0" upsid="138" ordinal="1" path="1" offset="110" offsetend="124" sl="138" fileid="22" />
              </BranchPoints>
              <MethodPoint vc="0" upsid="0" p8:type="SequencePoint" ordinal="7" offset="7" sc="0" sl="130" ec="1" el="142" bec="0" bev="0" fileid="22" xmlns:p8="xsi" />
            </Method>
            <Method cyclomaticComplexity="4" nPathComplexity="0" sequenceCoverage="0" branchCoverage="0" isConstructor="False" isGetter="False" isSetter="False" isStatic="True">
              <Summary numSequencePoints="1" visitedSequencePoints="0" numBranchPoints="4" visitedBranchPoints="0" sequenceCoverage="0" branchCoverage="0" maxCyclomaticComplexity="4" minCyclomaticComplexity="4" visitedClasses="0" numClasses="0" visitedMethods="0" numMethods="1" />
              <MetadataToken />
              <Name>System.String Xunit.Runner.Reporters.VstsReporterMessageHandler::TrimStdOut(System.String)</Name>
              <FileRef uid="22" />
              <SequencePoints>
                <SequencePoint vc="0" upsid="145" ordinal="0" sl="145" sc="1" el="145" ec="2" bec="0" bev="0" fileid="22" />
              </SequencePoints>
              <BranchPoints>
                <BranchPoint vc="0" upsid="145" ordinal="0" path="0" offset="1" offsetend="3" sl="145" fileid="22" />
                <BranchPoint vc="0" upsid="145" ordinal="1" path="1" offset="1" offsetend="16" sl="145" fileid="22" />
                <BranchPoint vc="0" upsid="145" ordinal="2" path="0" offset="14" offsetend="16" sl="145" fileid="22" />
                <BranchPoint vc="0" upsid="145" ordinal="3" path="1" offset="14" offsetend="18" sl="145" fileid="22" />
              </BranchPoints>
              <MethodPoint vc="0" upsid="0" p8:type="SequencePoint" ordinal="8" offset="8" sc="0" sl="145" ec="1" el="145" bec="0" bev="0" fileid="22" xmlns:p8="xsi" />
            </Method>
            <Method cyclomaticComplexity="1" nPathComplexity="0" sequenceCoverage="0" branchCoverage="1" isConstructor="True" isGetter="False" isSetter="False" isStatic="True">
              <Summary numSequencePoints="10" visitedSequencePoints="0" numBranchPoints="0" visitedBranchPoints="0" sequenceCoverage="0" branchCoverage="1" maxCyclomaticComplexity="1" minCyclomaticComplexity="1" visitedClasses="0" numClasses="0" visitedMethods="0" numMethods="1" />
              <MetadataToken />
              <Name>System.Void Xunit.Runner.Reporters.VstsReporterMessageHandler::.ctor(Xunit.IRunnerLogger,System.String,System.String,System.Int32)</Name>
              <FileRef uid="22" />
              <SequencePoints>
                <SequencePoint vc="0" upsid="17" ordinal="0" sl="17" sc="1" el="17" ec="2" bec="0" bev="0" fileid="22" />
                <SequencePoint vc="0" upsid="21" ordinal="1" sl="21" sc="1" el="21" ec="2" bec="0" bev="0" fileid="22" />
                <SequencePoint vc="0" upsid="24" ordinal="2" sl="24" sc="1" el="24" ec="2" bec="0" bev="0" fileid="22" />
                <SequencePoint vc="0" upsid="26" ordinal="3" sl="26" sc="1" el="26" ec="2" bec="0" bev="0" fileid="22" />
                <SequencePoint vc="0" upsid="27" ordinal="4" sl="27" sc="1" el="27" ec="2" bec="0" bev="0" fileid="22" />
                <SequencePoint vc="0" upsid="28" ordinal="5" sl="28" sc="1" el="28" ec="2" bec="0" bev="0" fileid="22" />
                <SequencePoint vc="0" upsid="30" ordinal="6" sl="30" sc="1" el="30" ec="2" bec="0" bev="0" fileid="22" />
                <SequencePoint vc="0" upsid="31" ordinal="7" sl="31" sc="1" el="31" ec="2" bec="0" bev="0" fileid="22" />
                <SequencePoint vc="0" upsid="32" ordinal="8" sl="32" sc="1" el="32" ec="2" bec="0" bev="0" fileid="22" />
                <SequencePoint vc="0" upsid="33" ordinal="9" sl="33" sc="1" el="33" ec="2" bec="0" bev="0" fileid="22" />
              </SequencePoints>
              <BranchPoints />
              <MethodPoint vc="0" upsid="0" p8:type="SequencePoint" ordinal="9" offset="9" sc="0" sl="17" ec="1" el="33" bec="0" bev="0" fileid="22" xmlns:p8="xsi" />
            </Method>
          </Methods>
        </Class>
      </Classes>
    </Module>
  </Modules>
</CoverageSession>